# callgrind format
version: 1
creator: callgrind-3.13.0
pid: 2046
cmd:  /root/repo/build/dct /root/repo/test/240x360_random 240 360
part: 1


desc: I1 cache: 
desc: D1 cache: 
desc: LL cache: 

desc: Timerange: Basic block 0 - 14764365
desc: Trigger: Program termination

positions: line
events: Ir
summary: 414506194


ob=(1) /usr/lib/ld-2.28.so
fl=(1) ???
fn=(10) brk
0 14

fn=(12) strlen
0 523

fn=(88) _dl_name_match_p
0 325
cfn=(40) strcmp
calls=65 0 
0 547
0 730
cfn=(40)
calls=69 0 
0 1122
0 268

fn=(116) __GI___close_nocancel
0 21

fn=(142) _dl_check_map_versions
0 67
cfn=(88)
calls=3 0 
0 174
0 81
cfn=(40)
calls=1 0 
0 75
0 21
cfn=(26) calloc
calls=1 0 
0 42
0 50
0 14
cfn=(143) _dl_check_map_versions'2
calls=2 0 
0 1551
0 10

fn=(143)
0 107
cfn=(88)
calls=4 0 
0 267
0 149
cfn=(40)
calls=2 0 
0 120
0 266
cfn=(26)
calls=2 0 
0 84
0 535
0 11
cfn=(143)
calls=1 0 
0 171
0 12

fn=(156) _dl_lookup_symbol_x
0 13577
cfn=(158) do_lookup_x
calls=110 0 
0 59225
0 3477

fn=(178) munmap
0 6

fn=(2) _dl_start
0 13
cfn=(184) _dl_init
calls=1 0 
0 512
0 3
cob=(5) /root/repo/build/dct
cfi=(5) ???
cfn=(212) 0x000104e0
calls=1 0 
0 414391858
0 356
cfn=(4) _dl_setup_hash
calls=1 0 
0 23
0 17
cfn=(6) _dl_sysdep_start
calls=1 0 
0 112634
0 774

fn=(26)
0 104
cfn=(30) malloc
calls=8 0 
0 265
0 24

fn=(38) rtld_lock_default_unlock_recursive
0 20
cob=(3) /usr/lib/libc-2.28.so
cfi=(3) ???
cfn=(279) _dl_addr'2
calls=1 0 
0 3

fn=(78) _dl_catch_exception
0 25
cfn=(32) memcpy
calls=1 0 
0 1345
cfn=(30)
calls=1 0 
0 26
0 13
0 227
cfn=(132) __libc_scratch_buffer_set_array_size
calls=1 0 
0 17
0 46
cfn=(80) __sigsetjmp
calls=2 0 
0 44
0 10
cfn=(122) openaux
calls=1 0 
0 4130
cfn=(84) map_doit
calls=1 0 
0 2616
0 10

fn=(79) _dl_catch_exception'2
0 16
cfn=(80)
calls=1 0 
0 22
0 5
cfn=(122)
calls=1 0 
0 241
0 11

fn=(84)
0 12
cfn=(86) _dl_map_object
calls=1 0 
0 2593
0 11

fn=(130) _dl_next_tls_modid
0 12

fn=(158)
0 15544
cfn=(88)
calls=51 0 
0 2089
0 8541
cfn=(160) __aeabi_uidivmod
calls=133 0 
0 12810
0 6887
cfn=(162) check_match
calls=117 0 
0 12813
0 541

fn=(58) _dl_count_modids
0 7

fn=(74) _dl_catch_error
0 17
cfn=(78)
calls=1 0 
0 2669
0 3

fn=(86)
0 137
cfn=(88)
calls=7 0 
0 462
0 64
cfn=(40)
calls=2 0 
0 40
0 41
cfn=(90) index
calls=2 0 
0 68
0 9
cfn=(92) expand_dynamic_string_token
calls=1 0 
0 316
0 14
cfn=(98) open_verify.constprop.8
calls=1 0 
0 2009
0 2
cfn=(12)
calls=1 0 
0 41
0 30
cfn=(124) _dl_load_cache_lookup
calls=1 0 
0 1363
0 18
cfn=(98)
calls=1 0 
0 2259
0 49

fn=(102) __read_nocancel
0 14

fn=(148) __udivsi3
0 11768
cfn=(151) _dl_allocate_tls_storage'2
calls=1 0 
0 444

fn=(154) _dl_relocate_object
0 204
cfn=(66) memset
calls=4 0 
0 160
0 500
cfn=(66)
calls=4 0 
0 160
0 428
cfn=(168) _dl_protect_relro
calls=4 0 
0 108
0 7057
cfn=(156)
calls=95 0 
0 64191
0 2859
cob=(3)
cfi=(3)
cfn=(166) memcpy
calls=1 0 
0 5
cob=(3)
cfi=(3)
cfn=(164) memchr
calls=1 0 
0 5
0 8564
cfn=(156)
calls=5 0 
0 2484
0 272

fn=(160)
0 532
cfn=(148)
calls=133 0 
0 11746
0 532

fn=(170) _dl_add_to_slotinfo
0 17

fn=(174) _dl_sysdep_start_cleanup
0 1

fn=(186) call_init.part.0
0 77
cob=(3)
cfi=(3)
cfn=(198) _init
calls=1 0 
0 275
cob=(2) ???
cfi=(2) ???
cfn=(188) 0x04832344
calls=1 0 
0 9
0 32
cob=(3)
cfi=(3)
cfn=(208) check_stdfiles_vtables
calls=1 0 
0 20
cob=(4) /usr/lib/valgrind/vgpreload_core-arm-linux.so
cfi=(4) ???
cfn=(194) 0x000004b4
calls=1 0 
0 12
0 13

fn=(218) _dl_runtime_resolve
0 60
cfn=(220) _dl_fixup
calls=10 0 
0 10405
0 30

fn=(16) dl_main
0 53
cfn=(18) _dl_next_ld_env_entry
calls=1 0 
0 168
0 2
cfn=(18)
calls=1 0 
0 7
0 78
cfn=(20) bcmp
calls=1 0 
0 18
0 7
cfn=(20)
calls=1 0 
0 62
0 17
cfn=(22) _dl_new_object
calls=1 0 
0 103066
0 3

fn=(50) _dl_important_hwcaps
0 3
cfn=(30)
calls=2 0 
0 52
0 220
0 17
cfn=(52) __tunable_get_val
calls=1 0 
0 28
0 485
cfn=(54) mempcpy
calls=1 0 
0 1055
cfn=(30)
calls=1 0 
0 26
0 28
0 199
cfn=(12)
calls=2 0 
0 67
0 56

fn=(51) _dl_important_hwcaps'2
0 9
cfn=(55) mempcpy'2
calls=3 0 
0 57
0 56
cfn=(55)
calls=4 0 
0 80
0 24
cfn=(55)
calls=4 0 
0 76
0 734

fn=(96) strdup
0 6
cfn=(12)
calls=2 0 
0 97
0 6
cfn=(30)
calls=2 0 
0 52
0 18
0 56

fn=(106) free
0 12

fn=(114) mprotect
0 36

fn=(128) _dl_cache_libcmp
0 647

fn=(140) _dl_check_all_versions
0 16
cfn=(142)
calls=1 0 
0 2085

fn=(14) sbrk
0 16

fn=(36) rtld_lock_default_lock_recursive
0 20

fn=(44) _dl_discover_osversion
0 12
cfn=(46) uname
calls=1 0 
0 6
0 73

fn=(118) access
0 13

fn=(134) _dl_sort_maps
0 50
cfn=(66)
calls=2 0 
0 44
0 230
cfn=(66)
calls=4 0 
0 70
0 85

fn=(146) _dl_determine_tlsoffset
0 41
cfn=(148)
calls=1 0 
0 11
0 27
cfn=(145) init_tls'2
calls=1 0 
0 518

fn=(18)
0 175

fn=(32)
0 208
cfn=(23) _dl_new_object'2
calls=1 0 
0 355
0 32
cfn=(23)
calls=1 0 
0 218
0 24
cfn=(121) _dl_map_object_deps'2
calls=1 0 
0 1329
0 66
cfn=(23)
calls=1 0 
0 114

fn=(33) memcpy'2
0 90
cfn=(121)
calls=1 0 
0 247
0 32
cfn=(121)
calls=1 0 
0 490
0 8

fn=(40)
0 9463

fn=(62) handle_ld_preload
0 18
cfn=(64) strcspn
calls=1 0 
0 398
0 11
cfn=(68) dso_name_valid_for_suid
calls=1 0 
0 11
0 6
cfn=(70) do_preload
calls=1 0 
0 2722
0 5
cfn=(32)
calls=1 0 
0 36
0 8
cfn=(118)
calls=1 0 
0 13
0 17
cfn=(120) _dl_map_object_deps
calls=1 0 
0 96424
0 16

fn=(124)
0 24
cfn=(52)
calls=1 0 
0 28
0 111
cfn=(128)
calls=6 0 
0 501
0 29
cfn=(128)
calls=1 0 
0 81
0 40
cfn=(128)
calls=1 0 
0 65
0 47
cfn=(12)
calls=1 0 
0 48
0 8
cfn=(32)
calls=1 0 
0 20
0 1
cfn=(96)
calls=1 0 
0 94
0 7
cfn=(126) _dl_sysdep_read_whole_file
calls=1 0 
0 83
0 10
cfn=(20)
calls=1 0 
0 90
0 17
cfn=(20)
calls=1 0 
0 57
0 2

fn=(126)
0 6
cfn=(100) __open64_nocancel
calls=1 0 
0 21
0 7
cfn=(110) __fxstat64
calls=1 0 
0 9
0 8
cfn=(116)
calls=1 0 
0 7
0 9
cfn=(112) mmap
calls=1 0 
0 14
0 2

fn=(138) version_check_doit
0 8
cfn=(140)
calls=1 0 
0 2101
0 3

fn=(144) init_tls
0 12
cfn=(146)
calls=1 0 
0 597
cfn=(26)
calls=1 0 
0 42
0 57
0 134
cfn=(154)
calls=3 0 
0 76595
0 19
cfn=(170)
calls=1 0 
0 17
0 26
cfn=(172) _dl_allocate_tls_init
calls=1 0 
0 165
0 18
cfn=(174)
calls=1 0 
0 1
0 8
cfn=(56) _dl_debug_initialize
calls=1 0 
0 13
0 4
cfn=(60) _dl_debug_state
calls=1 0 
0 1
0 2
cfn=(176) _dl_unload_cache
calls=1 0 
0 18
0 11
cfn=(154)
calls=1 0 
0 10402
0 3

fn=(145)
0 1
cfn=(150) _dl_allocate_tls_storage
calls=1 0 
0 517

fn=(162)
0 2894
cfn=(40)
calls=31 0 
0 2306
0 2170
cfn=(40)
calls=99 0 
0 5245
0 198

fn=(220)
0 511
cfn=(156)
calls=10 0 
0 9604
0 290

fn=(282) _dl_find_dso_for_object
0 45

fn=(456) _dl_fini
0 36
cfn=(36)
calls=1 0 
0 4
0 89
cfn=(134)
calls=1 0 
0 253
0 4
cfn=(38)
calls=1 0 
0 4
0 67
cob=(4)
cfi=(4)
cfn=(468) 0x0000044c
calls=1 0 
0 1110
cob=(5)
cfi=(5)
cfn=(458) 0x000105a4
calls=1 0 
0 16
0 9
cob=(2)
cfi=(2)
cfn=(466) 0x000176e4
calls=1 0 
0 2
0 31

fn=(0) 0x00000a80
0 4
cfn=(2)
calls=1 0 
0 414506190

fn=(22)
0 11
cfn=(34) _dl_add_to_namespace_list
calls=1 0 
0 49
0 192
cfn=(40)
calls=1 0 
0 8
0 224
cfn=(4)
calls=1 0 
0 23
0 90
cfn=(44)
calls=1 0 
0 91
0 20
cfn=(48) _dl_init_paths
calls=1 0 
0 102096
0 15
cfn=(12)
calls=1 0 
0 34
0 17
cfn=(32)
calls=1 0 
0 128
cfn=(26)
calls=1 0 
0 52
0 16

fn=(23)
0 595
cfn=(130)
calls=1 0 
0 12
0 76
cfn=(112)
calls=2 0 
0 28
0 42
cfn=(114)
calls=2 0 
0 12
0 106
cfn=(66)
calls=2 0 
0 179
0 64
cfn=(112)
calls=2 0 
0 28
0 377
cfn=(112)
calls=1 0 
0 14
0 50
cfn=(116)
calls=2 0 
0 14
0 32
cfn=(4)
calls=2 0 
0 46
0 56
cfn=(34)
calls=2 0 
0 114
0 242
cfn=(12)
calls=2 0 
0 105
0 34
cfn=(32)
calls=2 0 
0 627
cfn=(26)
calls=2 0 
0 131
0 32
0 218
cfn=(12)
calls=2 0 
0 97
0 236
cfn=(54)
calls=2 0 
0 282
cfn=(30)
calls=2 0 
0 52
0 18

fn=(52)
0 356

fn=(82) __sigjmp_save
0 12

fn=(94) _dl_dst_count
0 9
cfn=(90)
calls=3 0 
0 326
0 15

fn=(98)
0 32
cfn=(100)
calls=2 0 
0 42
0 32
cfn=(102)
calls=2 0 
0 14
0 32
cfn=(20)
calls=2 0 
0 135
0 38
cfn=(20)
calls=2 0 
0 124
0 233
cfn=(20)
calls=1 0 
0 50
0 8
cfn=(20)
calls=2 0 
0 82
0 27
cfn=(106)
calls=2 0 
0 12
0 12
0 14
cfn=(20)
calls=1 0 
0 69
0 24
cfn=(108) _dl_map_object_from_fd
calls=1 0 
0 1581
0 16
cfn=(108)
calls=1 0 
0 1674
0 17

fn=(110)
0 27

fn=(132)
0 34

fn=(136) _dl_receive_error
0 8
cfn=(144)
calls=1 0 
0 88145
0 10
cfn=(138)
calls=1 0 
0 2112

fn=(150)
0 26
cfn=(148)
calls=1 0 
0 455
cfn=(30)
calls=1 0 
0 26
0 10

fn=(151)
0 5
cfn=(66)
calls=1 0 
0 373
0 3
cfn=(152) allocate_dtv
calls=1 0 
0 63

fn=(168)
0 76
cfn=(114)
calls=4 0 
0 24
0 8

fn=(4)
0 92

fn=(34)
0 27
cfn=(36)
calls=3 0 
0 12
0 88
cfn=(38)
calls=2 0 
0 8
0 22
cfn=(38)
calls=1 0 
0 4
0 2

fn=(46)
0 6

fn=(48)
0 3
cfn=(56)
calls=1 0 
0 27
0 90
cfn=(58)
calls=1 0 
0 7
0 15
cfn=(60)
calls=1 0 
0 1
0 18
cfn=(62)
calls=1 0 
0 99685
0 14
cfn=(50)
calls=1 0 
0 2236

fn=(60)
0 2

fn=(70)
0 21
cfn=(74)
calls=1 0 
0 2689
0 3
0 9

fn=(80)
0 54
cfn=(82)
calls=3 0 
0 12

fn=(90)
0 394

fn=(172)
0 67
cfn=(54)
calls=1 0 
0 23
0 5
cfn=(66)
calls=1 0 
0 58
0 12

fn=(176)
0 9
cfn=(178)
calls=1 0 
0 6
0 3

fn=(20)
0 687

fn=(30)
0 380
cfn=(112)
calls=1 0 
0 14
0 157

fn=(54)
0 12
cfn=(33)
calls=2 0 
0 56
cfn=(32)
calls=2 0 
0 32
0 8
cfn=(23)
calls=2 0 
0 216
cfn=(51)
calls=1 0 
0 1036

fn=(55)
0 33
cfn=(32)
calls=11 0 
0 158
0 22

fn=(56)
0 66

fn=(68)
0 11

fn=(92)
0 5
cfn=(94)
calls=1 0 
0 165
0 5
cfn=(96)
calls=1 0 
0 141

fn=(152)
0 9
cfn=(26)
calls=1 0 
0 42
0 8
0 4

fn=(108)
0 22
cfn=(56)
calls=2 0 
0 26
0 10
cfn=(110)
calls=2 0 
0 18
0 155
cfn=(23)
calls=2 0 
0 3016
0 8

fn=(122)
0 28
cfn=(86)
calls=2 0 
0 4329
0 14

fn=(184)
0 54
cfn=(186)
calls=3 0 
0 371
0 15
cfn=(186)
calls=1 0 
0 67
0 5

fn=(6)
0 376
cfn=(8) __GI___tunables_init
calls=1 0 
0 8683
0 3
cfn=(10)
calls=1 0 
0 14
0 8
cfn=(14)
calls=1 0 
0 16
0 16
cfn=(16)
calls=1 0 
0 103481
0 1
cfn=(12)
calls=1 0 
0 34
0 2

fn=(8)
0 8683

fn=(64)
0 14
cfn=(66)
calls=1 0 
0 49
0 5
cfn=(66)
calls=1 0 
0 49
0 4
cfn=(66)
calls=1 0 
0 49
0 4
cfn=(66)
calls=1 0 
0 49
0 175

fn=(66)
0 1240

fn=(100)
0 63

fn=(112)
0 98

fn=(120)
0 111
cfn=(136)
calls=1 0 
0 90275
0 110
cfn=(78)
calls=1 0 
0 5840
0 3
0 7
cfn=(94)
calls=1 0 
0 66
0 12

fn=(121)
0 36
cfn=(33)
calls=2 0 
0 34
0 58
cfn=(33)
calls=1 0 
0 508
cfn=(30)
calls=1 0 
0 26
cfn=(79)
calls=1 0 
0 295
0 251
0 7
cfn=(94)
calls=1 0 
0 119
0 27
cfn=(33)
calls=1 0 
0 269
cfn=(30)
calls=1 0 
0 26
0 85
0 36
cfn=(132)
calls=1 0 
0 17
0 9
cfn=(134)
calls=1 0 
0 226
0 37

ob=(5)
fl=(8) /root/repo/src/dct.c
fn=(398) run_dct
17 7
+1 7
+1 7
+2 3
+1 135
+4 4050
+1 32400
+1 1036800
+1 1123200
-2 550800
-1 68850
+7 6750
cfn=(400) copy_data
calls=1350 +13 
* 2050650
+3 72900
-14 9630
-1 319
+20 3
cfn=(383) dct'2
calls=1 +26 
* 407718273

fn=(399) run_dct'2
17 56
+1 56
+1 56
+2 24
+1 1080
+4 32400
+1 259200
+1 8294400
+1 8985600
-2 4406400
-1 550800
+7 54000
cfi=(17) /root/repo/src/dct/loeffler_2d_fixed_asm.c
cfn=(444) dct_loeffler_2d_fixed_asm
calls=1350 159 
* 11955600
cfi=(16) /root/repo/src/dct/loeffler_2d_fixed_macro.c
cfn=(440) dct_loeffler_2d_fixed_macro
calls=1350 +83 
* 13856400
cfi=(14) /root/repo/src/dct/loeffler_2d_fixed_inline.c
cfn=(430) dct_loeffler_2d_fixed_inline
calls=1350 +83 
* 15010650
cfi=(13) /root/repo/src/dct/loeffler_2d_fixed.c
cfn=(424) dct_loeffler_2d_fixed
calls=1350 141 
* 15604650
cfi=(12) /root/repo/src/dct/loeffler_fixed.c
cfn=(416) dct_loeffler_fixed
calls=1350 +66 
* 15770700
cfi=(11) /root/repo/src/dct/loeffler_float.c
cfn=(410) dct_loeffler_float
calls=1350 +88 
* 14801496
cfi=(10) /root/repo/src/dct/twostep_slow.c
cfn=(406) dct_twostep_slow
calls=1350 +28 
* 64933746
cfi=(9) /root/repo/src/dct/naive.c
cfn=(404) dct_naive
calls=1350 +13 
* 232536246
+3 583200
-14 77040
-1 2552
+20 24
cfn=(383)
calls=1 +73 
* 2
cfn=(383)
calls=1 +68 
* 14861694
cfn=(383)
calls=1 +62 
* 31624214
cfn=(383)
calls=1 +56 
* 49540976
cfn=(383)
calls=1 +50 
* 68051735
cfn=(383)
calls=1 +44 
* 86728533
cfn=(383)
calls=1 +38 
* 104436121
cfn=(383)
calls=1 +32 
* 172275948

fn=(400)
46 6750
+2 4050
+1 32400
+1 1382400
-1 550800
-1 68850
+5 5400

fn=(382) dct
fi=(6) /root/repo/src/main.c
29 2
cob=(3)
cfi=(3)
cfn=(372) free
calls=1 -29 
* 161
cob=(1)
cfi=(1)
cfn=(218)
calls=1 -29 
* 1051
* 11
fe=(8)
+27 7
+1 8
+7 3
cfn=(398)
calls=1 -47 
* 412674784
cob=(3)
cfi=(3)
cfn=(386) puts
calls=1 -64 
* 643
cob=(1)
cfi=(1)
cfn=(218)
calls=1 -64 
* 996
* 13

fn=(383)
67 6
+2 3
cfn=(399)
calls=1 -52 
* 407718055
cob=(3)
cfi=(3)
cfn=(386)
calls=1 -69 
* 200
* 9
+4 6
+2 3
cfn=(399)
calls=1 -58 
* 172275728
cob=(3)
cfi=(3)
cfn=(386)
calls=1 -75 
* 202
* 9
+4 6
+2 3
cfn=(399)
calls=1 -64 
* 104435890
cob=(3)
cfi=(3)
cfn=(386)
calls=1 -81 
* 213
* 9
+4 6
+2 3
cfn=(399)
calls=1 -70 
* 86728296
cob=(3)
cfi=(3)
cfn=(386)
calls=1 -87 
* 219
* 9
+4 6
+2 3
cfn=(399)
calls=1 -76 
* 68051487
cob=(3)
cfi=(3)
cfn=(386)
calls=1 -93 
* 230
* 9
+4 6
+2 3
cfn=(399)
calls=1 -82 
* 49540725
cob=(3)
cfi=(3)
cfn=(386)
calls=1 -99 
* 233
* 9
+4 6
+2 3
cfn=(399)
calls=1 -88 
* 31623955
cob=(3)
cfi=(3)
cfn=(386)
calls=1 0 
* 241
* 9
+4 6
+2 3
cfn=(399)
calls=1 -94 
* 14861463
cob=(3)
cfi=(3)
cfn=(386)
calls=1 0 
* 213
* 9
+3 2

fl=(9)
fn=(404)
46 6750
+3 4050
+2 76950
+1 28350
-1 1350
+1 4050
+2 615600
+1 226800
+1 226800
-2 10800
+1 32400
+1 32400
+2 2073600
+1 10368000
+1 2073600
+2 82944000
+1 88473600
-3 35251200
+5 2764800
-9 4406400
+12 691200
+1 1252128
-17 258624
+17 346368
-17 292176
-3 68850
+23 5400

fl=(15) /root/repo/include/dct/loeffler_2d_fixed_inline.h
fn=(438) butterfly_2d_fixed_6
45 194400
+2 194400
+1 324000
+1 216000
+1 86400

fn=(436) butterfly_2d_fixed_3
30 194400
+2 216000
+1 324000
+1 216000
+1 86400

fn=(434) butterfly_2d_fixed_1
15 194400
+2 172800
+1 216000
+1 216000
+1 86400

fl=(14)
fn=(430)
116 6750
+1 4050
cfn=(432) dct_2d_fixed_inline
calls=1350 6 
* 14995800
+1 4050

fn=(432)
6 6750
+4 4050
+5 162000
+1 205200
+1 205200
+1 205200
+1 205200
+1 205200
+1 205200
+1 205200
+5 172800
+1 129600
+1 216000
+1 216000
+2 237600
cfi=(15)
cfn=(434)
calls=10800 -17 
* 442800
+1 237600
cfi=(15)
cfn=(436)
calls=10800 -3 
* 518400
+5 216000
+1 216000
+1 140400
cfi=(15)
cfn=(438)
calls=10800 +5 
* 507600
+2 216000
+1 216000
+1 216000
+1 216000
+4 205200
+1 64800
+1 172800
+1 216000
+1 108000
+1 205200
+1 108000
+1 108000
+1 64800
-47 68850
+52 4050
+5 183600
+1 237600
+1 237600
+1 248400
+1 248400
+1 248400
+1 248400
+1 248400
+5 194400
+1 140400
+1 237600
+1 226800
+2 259200
cfi=(15)
cfn=(434)
calls=10800 -69 
* 442800
+1 259200
cfi=(15)
cfn=(436)
calls=10800 -55 
* 518400
+5 248400
+1 248400
+1 129600
cfi=(15)
cfn=(438)
calls=10800 -47 
* 507600
+2 248400
+1 248400
+1 248400
+1 248400
+4 237600
+1 108000
+1 194400
+1 248400
+1 162000
+1 237600
+1 151200
+1 151200
+1 75600
-47 68850
+51 4050

fl=(5)
fn=(462) 0x00010540
0 6

fn=(212)
0 11
cob=(3)
cfi=(3)
cfn=(222) (below main)
calls=1 0 
0 414390721
cob=(1)
cfi=(1)
cfn=(218)
calls=1 0 
0 1119
0 7

fn=(230) __libc_csu_init
0 10
cob=(2)
cfi=(2)
cfn=(232) 0x00010420
calls=1 0 
0 9
0 9
cfn=(238) 0x000105cc
calls=1 0 
0 10
0 3

fn=(234) 0x0001051c
0 6

fn=(238)
0 10

fn=(458)
0 7
cfn=(462)
calls=1 0 
0 6
0 3

fl=(10)
fn=(408) square_matrix_multiply
44 16200
+2 8100
+1 64800
+2 1728000
+1 518400
+2 47001600
-2 8812800
-3 1101600
-1 137700
+10 10800

fn=(406)
61 8100
+4 4050
+1 32400
+1 1555200
-1 550800
-1 68850
+7 9450
cfn=(408)
calls=1350 -28 
* 29700000
+1 9450
cfn=(408)
calls=1350 -29 
* 29700000
+2 4050
+1 32400
+3 1036800
+1 1252128
-4 258624
+4 346368
-4 292176
-1 68850
+8 4050

fl=(11)
fn=(410)
121 8100
+4 4050
+1 32400
+1 1555200
-1 550800
-1 68850
+8 4050
+1 129600
cfn=(412) dct_1d_float
calls=10800 30 
* 2257200
-1 68850
+5 5400
cfn=(414) transpose_double
calls=1350 6 
* 1671300
+1 4050
+1 129600
cfn=(412)
calls=10800 30 
* 2926800
-1 68850
+4 4050
cfn=(414)
calls=1350 6 
* 1671300
+2 4050
+1 32400
+2 2634528
-2 258624
+2 346368
-2 292176
-1 68850
+6 4050

fn=(412)
30 151200
+4 151200
+1 172800
+1 172800
+1 172800
+1 172800
+1 172800
+1 172800
+1 151200
+5 86400
+1 86400
+1 86400
+1 86400
+2 129600
+1 129600
+1 129600
+1 129600
+1 129600
+1 129600
+5 86400
+1 86400
+2 129600
+1 129600
+1 129600
+2 86400
+1 86400
+1 86400
+1 86400
+3 64800
+1 86400
+1 86400
+1 86400
+2 129600
+2 129600
+1 129600
+2 129600
+23 64800
+2 64800
+1 86400
+1 86400
+1 86400
+1 86400
+1 86400
+1 86400
+1 86400
+2 86400

fn=(414)
6 10800
+2 8100
+1 86400
+1 680400
+1 1209600
+1 680400
-3 518400
-1 137700
+7 10800

fl=(12)
fn=(420) butterfly_fixed
27 453600
+2 324000
+3 172800
+1 172800
+1 216000
+1 64800
+1 21600
+2 172800
+1 194400
+1 216000
+1 64800
+1 21600
+2 172800
+1 172800
+1 216000
+1 64800
+1 21600
+2 259200

fn=(418) dct_1d_fixed
53 86400
+3 151200
+1 194400
+1 194400
+1 216000
+1 216000
+1 216000
+1 216000
+1 216000
+4 172800
+1 129600
+1 194400
+1 172800
+2 151200
cfn=(420)
calls=21600 -45 
* 1036800
+1 151200
cfn=(420)
calls=21600 -46 
* 972000
+4 216000
+1 216000
+1 108000
cfn=(420)
calls=21600 -52 
* 993600
+2 216000
+1 216000
+1 216000
+1 216000
+3 194400
+1 86400
+1 172800
+1 216000
+1 108000
+1 194400
+1 108000
+1 86400
+1 86400
+1 64800

fn=(416)
99 6750
+4 4050
+1 32400
+1 1382400
-1 550800
-1 68850
+7 4050
+1 64800
cfn=(418)
calls=10800 -58 
* 4201200
-1 68850
+5 4050
cfn=(422) transpose_int
calls=1350 15 
* 1368900
+1 4050
+1 64800
cfn=(418)
calls=10800 -64 
* 4201200
-1 68850
+4 4050
cfn=(422)
calls=1350 15 
* 1368900
+2 4050
+1 32400
+1 1641600
-1 550800
-1 68850
+5 4050

fn=(422)
15 10800
+2 8100
+1 86400
+1 529200
+1 907200
+1 529200
-3 518400
-1 137700
+7 10800

fl=(6)
fn=(248) main
9 5
+1 4
+2 2
+3 10
cfi=(7) /root/repo/src/util/helpers.c
cfn=(250) read_arguments
calls=1 +97 
* 414388086
-15 1
fi=(3)
cob=(3)
cfi=(3)
cfn=(450) exit
calls=1 0 
0 2376
fe=(6)

fl=(13)
fn=(426) dct_2d_fixed
31 6750
+4 4050
+5 162000
+1 205200
+1 205200
+1 205200
+1 205200
+1 205200
+1 205200
+1 205200
+5 172800
+1 129600
+1 216000
+1 216000
+2 270000
cfn=(428) butterfly_2d_fixed
calls=10800 -49 
* 529200
+1 270000
cfn=(428)
calls=10800 -50 
* 561600
+5 216000
+1 216000
+1 183600
cfn=(428)
calls=10800 -57 
* 572400
+2 216000
+1 216000
+1 216000
+1 216000
+4 205200
+1 64800
+1 172800
+1 216000
+1 108000
+1 205200
+1 108000
+1 108000
+1 64800
-47 68850
+52 4050
+5 183600
+1 237600
+1 237600
+1 248400
+1 248400
+1 248400
+1 248400
+1 248400
+5 194400
+1 140400
+1 237600
+1 226800
+2 291600
cfn=(428)
calls=10800 8 
* 529200
+1 291600
cfn=(428)
calls=10800 8 
* 561600
+5 248400
+1 248400
+1 162000
cfn=(428)
calls=10800 8 
* 572400
+2 248400
+1 248400
+1 248400
+1 248400
+4 237600
+1 108000
+1 194400
+1 248400
+1 162000
+1 237600
+1 151200
+1 151200
+1 75600
-47 68850
+51 4050

fn=(424)
141 6750
+1 4050
cfn=(426)
calls=1350 31 
* 15589800
+1 4050

fn=(428)
8 583200
+2 324000
+3 172800
+1 216000
+1 216000
+1 21600
+2 216000
+1 324000
+1 216000
+1 21600
+2 194400
+1 324000
+1 216000
+1 21600
+2 259200

fl=(16)
fn=(440)
116 6750
+1 4050
cfn=(442) dct_2d_fixed_macro
calls=1350 6 
* 13841550
+1 4050

fn=(442)
6 6750
+4 4050
+5 151200
+1 205200
+1 205200
+1 205200
+1 205200
+1 205200
+1 205200
+1 205200
+5 162000
+1 108000
+1 216000
+1 216000
+2 496800
+1 572400
+5 216000
+1 216000
+1 464400
+2 216000
+1 216000
+1 216000
+1 216000
+4 205200
+1 64800
+1 162000
+1 216000
+1 108000
+1 205200
+1 108000
+1 108000
+1 64800
-47 68850
+52 4050
+5 172800
+1 237600
+1 237600
+1 248400
+1 248400
+1 248400
+1 248400
+1 248400
+5 183600
+1 118800
+1 237600
+1 226800
+2 540000
+1 615600
+5 248400
+1 248400
+1 464400
+2 248400
+1 248400
+1 248400
+1 248400
+4 237600
+1 108000
+1 183600
+1 248400
+1 162000
+1 237600
+1 151200
+1 151200
+1 75600
-47 68850
+51 5400

fl=(17)
fn=(444)
159 6750
+1 4050
cfn=(446) dct_2d_fixed_asm
calls=1350 7 
* 11940750
+1 4050

fn=(446)
7 6750
+4 4050
+5 151200
+1 205200
+1 205200
+1 205200
+1 205200
+1 205200
+1 205200
+1 205200
+5 162000
+1 108000
+1 216000
+1 216000
+8 108000
-6 108000
+14 108000
-6 108000
+12 216000
+1 216000
+7 54000
-6 118800
+9 216000
+1 216000
+1 216000
+1 216000
+4 205200
+1 64800
+1 162000
+1 216000
+1 108000
+1 205200
+1 108000
+1 108000
+1 64800
-68 68850
+73 4050
+5 172800
+1 237600
+1 237600
+1 248400
+1 248400
+1 248400
+1 248400
+1 248400
+5 183600
+1 118800
+1 237600
+1 226800
+8 108000
-6 129600
+14 108000
-6 129600
+12 248400
+1 248400
+7 43200
-6 129600
+9 248400
+1 248400
+1 248400
+1 248400
+4 237600
+1 108000
+1 183600
+1 248400
+1 162000
+1 237600
+1 151200
+1 151200
+1 75600
-68 68850
+72 5400

fl=(7)
fn=(250)
fi=(6)
17 6
cfi=(7)
cfn=(262) read_file
calls=1 +45 
* 414385474
fe=(7)
+95 7
+3 3
+8 3
+6 3
+1 3
+1 3
+4 1
cob=(3)
cfi=(3)
cfn=(258) strtol
calls=2 0 
* 316
cob=(3)
cfi=(3)
cfn=(254) __errno_location
calls=3 0 
* 15
cob=(1)
cfi=(1)
cfn=(218)
calls=2 0 
* 2166
* 86

fn=(380) JPG_level_off
96 6
+1 2
+2 4
+2 2
+3 3
+1 1036800
-1 604804
+4 1
+1 4

fn=(262)
fi=(6)
17 1
+3 6
cfi=(7)
cfn=(380)
calls=1 +76 
* 1641626
* 1
+6 5
cfi=(8)
cfn=(382)
calls=1 +30 
* 412677679
fe=(7)
+36 6
+2 4
cob=(3)
cfi=(3)
cfn=(266) fopen@@GLIBC_2.4
calls=1 -64 
* 64966
cob=(1)
cfi=(1)
cfn=(218)
calls=1 -64 
* 1173
* 7

ob=(4)
fl=(4)
fn=(486) 0x0000048c
0 5

fn=(468)
0 15
cfn=(484) 0x000003b8
calls=1 0 
0 13
cob=(3)
cfi=(3)
cfn=(478) __cxa_finalize
calls=1 0 
0 130
cob=(1)
cfi=(1)
cfn=(218)
calls=1 0 
0 862
0 8
0 27
fi=(1)
cob=(2)
cfi=(2)
cfn=(488) 0x0483262c
calls=1 0 
0 2
0 53

fn=(190) 0x00000394
0 6

fn=(194)
0 12

fn=(484)
0 8
cfn=(486)
calls=1 0 
0 5

ob=(3)
fl=(3)
fn=(276) ptmalloc_init
0 25
cfn=(278) _dl_addr
calls=1 0 
0 58815
0 3

fn=(296) brk
0 60

fn=(314) strstr
0 27

fn=(356) fclose@@GLIBC_2.4
fi=(7)
91 1
+1 3
fe=(3)
-92 6
cfn=(358) _IO_un_link
calls=1 0 
0 151
0 41
cfn=(362) _IO_file_close_it@@GLIBC_2.4
calls=1 0 
0 397

fn=(374) _int_free
0 280

fn=(394) _IO_do_write@@GLIBC_2.4
0 5
cfn=(494) new_do_write
calls=1 0 
0 91
0 3

fn=(454) __call_tls_dtors
0 9

fn=(226) __internal_atexit
0 32
cfn=(228) __new_exitfn
calls=1 0 
0 36
0 21

fn=(288) _int_malloc
0 761
cfn=(290) sysmalloc
calls=1 0 
0 283
0 82

fn=(302) _IO_old_init
0 32

fn=(304) _IO_new_file_init_internal
0 10
cfn=(306) _IO_link_in
calls=1 0 
0 134
0 3

fn=(344) __underflow
0 33
cfn=(346) _IO_file_underflow@@GLIBC_2.4
calls=1 0 
0 94
0 3

fn=(352) __memcpy_neon
0 337

fn=(364) _IO_unsave_markers
0 7

fn=(480) __unregister_atfork
0 46

fn=(504) _IO_file_sync@@GLIBC_2.4
0 16

fn=(260) ____strtol_l_internal
0 294

fn=(266)
0 2
cfn=(268) __fopen_internal
calls=1 0 
0 64964

fn=(268)
fi=(7)
64 1
+1 3
+7 4
+1 2
cfi=(3)
cfn=(320) fread
calls=1 -73 
* 2521
cfi=(3)
cfn=(272) malloc
calls=1 -73 
* 228
cob=(1)
cfi=(1)
cfn=(218)
calls=2 -73 
* 2051
* 24
fe=(3)
-73 7
cfn=(300) _IO_no_init
calls=1 0 
0 395
cfn=(272)
calls=1 0 
0 59713
0 15

fn=(269) __fopen_internal'2
0 5
cfn=(304)
calls=1 0 
0 147
0 5
cfn=(308) _IO_file_fopen@@GLIBC_2.4
calls=1 0 
0 169
0 9

fn=(290)
0 85
cfn=(292) __default_morecore
calls=1 0 
0 73
0 55
cfn=(292)
calls=1 0 
0 48
0 22

fn=(338) __udivsi3
0 19

fn=(362)
0 13
cfn=(376) _IO_file_finish@@GLIBC_2.4
calls=1 0 
0 23
0 20
cfn=(372)
calls=1 0 
0 84
0 5
0 35
cfn=(364)
calls=1 0 
0 7
0 16
cfn=(366) _IO_file_close
calls=1 0 
0 9
0 9
cfn=(334) _IO_setb
calls=1 0 
0 176

fn=(386)
0 27
cfn=(388) strlen
calls=9 0 
0 602
0 444
cfn=(390) _IO_file_xsputn@@GLIBC_2.4
calls=9 0 
0 1008
0 313

fn=(396) _IO_default_xsputn
0 58

fn=(450)
0 6
cfn=(452) __run_exit_handlers
calls=1 0 
0 2370

fn=(336) __aeabi_uidivmod
0 8
cfn=(338)
calls=2 0 
0 19
0 8

fn=(390)
0 140
cfn=(392) _IO_file_overflow@@GLIBC_2.4
calls=1 0 
0 382
0 10
cfn=(336)
calls=1 0 
0 16
0 77
cfn=(402) mempcpy
calls=8 0 
0 262
0 60
cfn=(396)
calls=1 0 
0 58
0 3

fn=(402)
0 24
cob=(2)
cfi=(2)
cfn=(350) 0x0485b064
calls=8 0 
0 222
0 16

fn=(478)
0 74
cfn=(480)
calls=1 0 
0 46
0 10

fn=(204) rindex
0 75

fn=(326) _IO_doallocbuf
0 43
cfn=(336)
calls=1 0 
0 19
0 9
cfn=(340) _IO_file_read
calls=1 0 
0 20
0 28
cfn=(344)
calls=1 0 
0 130
0 6
cob=(2)
cfi=(2)
cfn=(350)
calls=1 0 
0 142
0 81
cfn=(328) _IO_file_doallocate
calls=2 0 
0 620

fn=(360) __GI__IO_un_link.part.1
0 147

fn=(392)
0 34
cfn=(394)
calls=1 0 
0 99
0 2
cfn=(326)
calls=1 0 
0 365

fn=(500) _IO_file_setbuf@@GLIBC_2.4
0 3
cfn=(502) _IO_default_setbuf
calls=1 0 
0 61
0 11

fn=(200) _dl_vdso_vsym
0 42

fn=(208)
0 20

fn=(244) __sigsetjmp
0 28
cfn=(246) __sigjmp_save
calls=1 0 
0 7

fn=(286) tcache_init.part.3
0 31
cfn=(288)
calls=1 0 
0 441
0 19
cfn=(298) memset
calls=1 0 
0 121

fn=(332) __fxstat64
0 18

fn=(348) _IO_switch_to_get_mode
0 19

fn=(368) __close_nocancel
0 7

fn=(496) _IO_file_write@@GLIBC_2.4
0 8
cfn=(498) write
calls=1 0 
0 15
0 18

fn=(498)
0 15

fn=(164)
0 5

fn=(206) __ctype_init
0 22

fn=(258)
0 18
cfn=(260)
calls=2 0 
0 294
0 4

fn=(274) malloc_hook_ini
0 36
cfn=(288)
calls=1 0 
0 172
0 16
cfn=(286)
calls=1 0 
0 612
0 23
cfn=(276)
calls=1 0 
0 58843

fn=(292)
0 4
cfn=(294) sbrk
calls=2 0 
0 111
0 6

fn=(310) _IO_file_open
0 14
cfn=(312) open
calls=1 0 
0 37
0 17
cfn=(306)
calls=1 0 
0 17
0 3

fn=(366)
0 2
cfn=(368)
calls=1 0 
0 7

fn=(372)
0 93
cfn=(374)
calls=3 0 
0 280

fn=(378) _IO_default_finish
0 14

fn=(166)
0 5

fn=(224) __cxa_atexit
0 3
cfn=(226)
calls=1 0 
0 89

fn=(298)
0 121

fn=(306)
0 151

fn=(324) _IO_file_xsgetn
0 36
cfn=(326)
calls=1 0 
0 733

fn=(334)
0 9
cfn=(358)
calls=1 0 
0 3
0 55
cfn=(329) _IO_file_doallocate'2
calls=2 0 
0 14
0 1
cfn=(372)
calls=1 0 
0 128
0 12

fn=(346)
0 25
cfn=(348)
calls=1 0 
0 19
0 16
cfn=(340)
calls=1 0 
0 20
0 14

fn=(376)
0 9
cfn=(378)
calls=1 0 
0 14

fn=(452)
0 130
cob=(1)
cfi=(1)
cfn=(456)
calls=1 0 
0 1625
0 29
cfn=(490) _IO_cleanup
calls=1 0 
0 571
0 5
cfn=(454)
calls=1 0 
0 9
0 1

fn=(490)
0 11
cfn=(492) _IO_flush_all_lockp
calls=1 0 
0 288
0 132
cfn=(500)
calls=1 0 
0 75
0 65

fn=(242) _setjmp
0 2
cfn=(244)
calls=1 0 
0 35

fn=(272)
0 131
cfn=(288)
calls=3 0 
0 513
0 45
cfn=(274)
calls=1 0 
0 59702

fn=(278)
0 660
cob=(1)
cfi=(1)
cfn=(52)
calls=11 0 
0 300
0 98
0 20
cob=(1)
cfi=(1)
cfn=(36)
calls=1 0 
0 4
0 2
cob=(1)
cfi=(1)
cfn=(38)
calls=1 0 
0 7
cob=(1)
cfi=(1)
cfn=(282)
calls=1 0 
0 45
0 57679

fn=(279)
0 3

fn=(330) _IO_file_stat
0 8
cfn=(332)
calls=2 0 
0 18

fn=(340)
0 10
cfn=(342) read
calls=2 0 
0 30

fn=(342)
0 30

fn=(388)
0 602

fn=(494)
0 22
cfn=(496)
calls=1 0 
0 41
0 28

fn=(502)
0 16
cfn=(504)
calls=1 0 
0 16
0 29

fn=(222)
0 25
cfn=(224)
calls=1 0 
0 92
0 15
cob=(5)
cfi=(5)
cfn=(230)
calls=1 0 
0 41
0 10
cfn=(242)
calls=1 0 
0 37
0 17
cob=(5)
cfi=(6)
cfn=(248)
calls=1 9 
0 414390484

fn=(246)
0 7

fn=(294)
0 39
cfn=(296)
calls=2 0 
0 40
0 8
cfn=(296)
calls=1 0 
0 20
0 4

fn=(300)
0 5
cfn=(302)
calls=1 0 
0 32
0 23
cfn=(269)
calls=1 0 
0 335

fn=(312)
0 37

fn=(320)
fi=(7)
81 1
+1 4
+7 2
cfi=(3)
cfn=(356)
calls=1 -89 
* 599
cob=(1)
cfi=(1)
cfn=(218)
calls=1 -89 
* 1077
* 7
fe=(3)
-89 47
cfn=(322) _IO_sgetn
calls=1 0 
0 784

fn=(328)
0 50
cfn=(330)
calls=2 0 
0 26
0 26
cfn=(334)
calls=2 0 
0 46
cfn=(272)
calls=2 0 
0 450
0 18
0 4

fn=(329)
0 14

fn=(492)
0 92
cfn=(392)
calls=1 0 
0 118
0 78

fn=(198)
0 92
cfn=(200)
calls=1 0 
0 21
0 11
cfn=(200)
calls=1 0 
0 21
0 9
cfn=(202) __init_misc
calls=1 0 
0 96
0 1
cfn=(206)
calls=1 0 
0 22
0 2

fn=(202)
0 11
cfn=(204)
calls=1 0 
0 75
0 10

fn=(228)
0 36

fn=(254)
0 15

fn=(308)
0 42
cfn=(310)
calls=1 0 
0 88
0 6
cfn=(314)
calls=1 0 
0 27
0 6

fn=(322)
0 15
cfn=(324)
calls=1 0 
0 769

fn=(358)
0 7
cfn=(360)
calls=1 0 
0 147

ob=(2)
fl=(2)
fn=(466)
0 2

fn=(350)
0 27
cob=(3)
cfi=(3)
cfn=(352)
calls=9 0 
0 337

fn=(488)
0 2

fn=(188)
0 2
cob=(4)
cfi=(4)
cfn=(190)
calls=1 0 
0 6
0 1

fn=(232)
0 2
cob=(5)
cfi=(5)
cfn=(234)
calls=1 0 
0 6
0 1

totals: 414506194
