# callgrind format
version: 1
creator: callgrind-3.13.0
pid: 2196
cmd:  /root/C-Optimization-DCT/build/dct_max /root/C-Optimization-DCT/test/240x360_random 240 360
part: 1


desc: I1 cache: 
desc: D1 cache: 
desc: LL cache: 

desc: Timerange: Basic block 0 - 1915513
desc: Trigger: Program termination

positions: line
events: Ir
summary: 64367069


ob=(5) /root/C-Optimization-DCT/build/dct_max
fl=(10) /root/C-Optimization-DCT/src/dct/twostep_slow.c
fn=(414) dct_twostep_slow
59 2
+6 46
-6 2
+6 280
-15 1204
-6 8
+6 72
-6 8
+6 1118
-6 1
+6 9
-6 1
+6 210
-6 7
+6 63
-6 7
+32 1
+1 3
-1 16
+1 16
-1 8
+1 24
-1 8
+1 16
-1 8
+1 24
-1 8
+1 40
-1 16
+1 16
-1 8
+1 24
-1 8
+1 88
-1 16
+1 56
-1 8
+1 8
-1 8
+1 16
-1 8
+1 16
-1 8
+1 136
-4 2
+4 4
-4 2
+4 24
-4 6
+4 12
-4 6
+7 4
cfi=(8) /root/C-Optimization-DCT/src/dct.c
cfn=(383) dct'2
calls=1 -55 
* 24503057

fn=(415) dct_twostep_slow'2
59 2698
+6 62054
-6 2698
+6 377720
-15 1624196
-6 10792
+6 97128
-6 10792
+6 1508182
-6 1349
+6 12141
-6 1349
+6 283290
-6 9443
+6 84987
-6 9443
+32 1349
+1 4047
-1 21584
+1 21584
-1 10792
+1 32376
-1 10792
+1 21584
-1 10792
+1 32376
-1 10792
+1 53960
-1 21584
+1 21584
-1 10792
+1 32376
-1 10792
+1 118712
-1 21584
+1 75544
-1 10792
+1 10792
-1 10792
+1 21584
-1 10792
+1 21584
-1 10792
+1 194096
-4 5356
+4 10712
-4 5356
+7 2708
-3 21744
-4 5436
+4 10872
-4 5436
+7 2688

fl=(16) /root/C-Optimization-DCT/src/dct/loeffler_2d_fixed_macro.c
fn=(434) dct_2d_fixed_macro
6 7
+9 2
+1 3
+1 2
-2 1
+2 3
+1 2
+9 1
-9 3
+1 2
+10 1
-10 3
+1 2
+9 1
-9 3
+1 2
+11 1
-11 3
+1 2
+10 1
-10 2
+11 4
-6 1
+6 4
-1 4
-17 14
+1 21
+1 14
-2 7
+2 21
+1 14
+9 7
-9 21
+1 14
+10 7
-10 21
+1 14
+9 7
-9 21
+1 14
+11 7
-11 21
+1 14
+10 7
-10 14
+11 28
-6 7
+6 28
-1 35
-4 7
+2 7
-2 7
+2 7
-2 7
+12 7
-8 1
-4 1
+2 1
-2 1
+2 1
-2 1
+12 7
+9 2
-9 1
+14 1
-21 1
-1 1
+12 2
-11 1
-1 1
+10 1
+2 1
-2 1
+7 1
-7 1
+12 1
-9 1
-18 1
+2 1
+11 1
-13 1
+16 1
+2 1
-2 1
-16 1
+13 1
-11 1
+11 1
+12 1
-13 1
+12 1
-13 1
+2 1
+9 1
+5 1
-14 1
+9 1
+5 1
-2 1
+5 1
-17 2
+13 1
+3 1
-46 3
+30 42
+9 14
-9 7
+14 7
-21 7
-1 7
+12 14
-11 7
-1 7
+10 7
+2 7
-2 7
+7 7
-7 7
+12 7
-9 7
-18 7
+2 7
+11 7
-13 7
+16 7
+2 7
-2 7
-16 7
+13 7
-11 7
+11 7
+12 7
-13 7
+12 7
-13 7
+2 7
+9 7
+5 7
-14 7
+9 7
+5 7
-2 7
+5 7
-17 14
+13 7
+3 7
-46 29
+75 5
-18 1
+6 2
-4 2
-2 1
+4 2
+2 1
-3 1
+4 1
-6 1
+2 1
+3 1
-6 1
+5 2
-3 1
+15 1
-13 1
+13 1
+1 1
-11 1
-6 1
+17 5
-16 1
+15 1
+1 1
-1 3
-5 2
-8 1
+11 1
-2 1
+4 1
-4 1
+2 1
+10 1
-8 1
+10 1
-2 5
-7 2
-1 1
+10 1
-27 7
+6 14
-4 14
-2 7
+4 14
+2 7
-3 7
+4 7
-6 7
+2 7
+3 7
-6 7
+5 14
-3 7
+15 7
-13 7
+13 7
+1 7
-11 7
-6 7
+17 35
-16 7
+15 7
+1 7
-1 21
-5 14
-8 7
+11 7
-2 7
+4 7
-4 7
+2 7
+10 7
-8 7
+10 7
-2 35
-7 14
-1 7
+10 7
+2 21
-15 7
+13 7
+2 3
-15 1
+13 1
-2 1
+14 1
-5 2
+5 1
-11 1
+2 1
+9 1
-25 1
+22 1
-2 1
+2 1
-11 1
+14 1
-15 1
-1 1
+16 1
-5 1
-9 1
+10 1
+2 1
-3 1
+2 1
+4 1
-2 1
+3 1
-6 1
+4 1
-44 1
+45 1
-6 1
+3 1
+1 1
+3 1
-5 1
-2 1
+6 1
-1 1
-2 1
-2 1
+1 1
+2 1
+3 1
-46 1
+39 1
+1 1
+5 1
-1 1
-2 1
-1 1
+2 1
+3 1
-46 1
+30 7
+14 7
-5 14
+5 7
-11 7
+2 7
+9 7
-25 7
+22 7
-2 7
+2 7
-11 7
+14 7
-15 7
-1 7
+16 7
-5 7
-9 7
+10 7
+2 7
-3 7
+2 7
+4 7
-2 7
+3 7
-6 7
+4 7
-44 7
+45 7
-6 7
+3 7
+1 7
+3 7
-5 7
-2 7
+6 7
-1 7
-2 7
-2 7
+1 7
+2 7
+3 7
-46 7
+39 7
+1 7
+5 7
-1 7
-2 7
-1 7
+2 7
+3 7
-46 7
+51 2
cfi=(8)
cfn=(383)
calls=1 -88 
* 5296053

fn=(435) dct_2d_fixed_macro'2
6 9443
+9 2698
+1 4047
+1 2698
-2 1349
+2 4047
+1 2698
+9 1349
-9 4047
+1 2698
+10 1349
-10 4047
+1 2698
+9 1349
-9 4047
+1 2698
+11 1349
-11 4047
+1 2698
+10 1349
-10 2698
+11 5396
-6 1349
+6 5396
-1 5396
-17 18886
+1 28329
+1 18886
-2 9443
+2 28329
+1 18886
+9 9443
-9 28329
+1 18886
+10 9443
-10 28329
+1 18886
+9 9443
-9 28329
+1 18886
+11 9443
-11 28329
+1 18886
+10 9443
-10 18886
+11 37772
-6 9443
+6 37772
-1 47215
-4 9443
+2 9443
-2 9443
+2 9443
-2 9443
+12 9443
-8 1349
-4 1349
+2 1349
-2 1349
+2 1349
-2 1349
+12 9443
+9 2698
-9 1349
+14 1349
-21 1349
-1 1349
+12 2698
-11 1349
-1 1349
+10 1349
+2 1349
-2 1349
+7 1349
-7 1349
+12 1349
-9 1349
-18 1349
+2 1349
+11 1349
-13 1349
+16 1349
+2 1349
-2 1349
-16 1349
+13 1349
-11 1349
+11 1349
+12 1349
-13 1349
+12 1349
-13 1349
+2 1349
+9 1349
+5 1349
-14 1349
+9 1349
+5 1349
-2 1349
+5 1349
-17 2698
+13 1349
+3 1349
-46 4047
+30 56658
+9 18886
-9 9443
+14 9443
-21 9443
-1 9443
+12 18886
-11 9443
-1 9443
+10 9443
+2 9443
-2 9443
+7 9443
-7 9443
+12 9443
-9 9443
-18 9443
+2 9443
+11 9443
-13 9443
+16 9443
+2 9443
-2 9443
-16 9443
+13 9443
-11 9443
+11 9443
+12 9443
-13 9443
+12 9443
-13 9443
+2 9443
+9 9443
+5 9443
-14 9443
+9 9443
+5 9443
-2 9443
+5 9443
-17 18886
+13 9443
+3 9443
-46 39121
+75 6745
-18 1349
+6 2698
-4 2698
-2 1349
+4 2698
+2 1349
-3 1349
+4 1349
-6 1349
+2 1349
+3 1349
-6 1349
+5 2698
-3 1349
+15 1349
-13 1349
+13 1349
+1 1349
-11 1349
-6 1349
+17 6745
-16 1349
+15 1349
+1 1349
-1 4047
-5 2698
-8 1349
+11 1349
-2 1349
+4 1349
-4 1349
+2 1349
+10 1349
-8 1349
+10 1349
-2 6745
-7 2698
-1 1349
+10 1349
-27 9443
+6 18886
-4 18886
-2 9443
+4 18886
+2 9443
-3 9443
+4 9443
-6 9443
+2 9443
+3 9443
-6 9443
+5 18886
-3 9443
+15 9443
-13 9443
+13 9443
+1 9443
-11 9443
-6 9443
+17 47215
-16 9443
+15 9443
+1 9443
-1 28329
-5 18886
-8 9443
+11 9443
-2 9443
+4 9443
-4 9443
+2 9443
+10 9443
-8 9443
+10 9443
-2 47215
-7 18886
-1 9443
+10 9443
+2 28329
-15 9443
+13 9443
+2 4047
-15 1349
+13 1349
-2 1349
+14 1349
-5 2698
+5 1349
-11 1349
+2 1349
+9 1349
-25 1349
+22 1349
-2 1349
+2 1349
-11 1349
+14 1349
-15 1349
-1 1349
+16 1349
-5 1349
-9 1349
+10 1349
+2 1349
-3 1349
+2 1349
+4 1349
-2 1349
+3 1349
-6 1349
+4 1349
-44 1349
+45 1349
-6 1349
+3 1349
+1 1349
+3 1349
-5 1349
-2 1349
+6 1349
-1 1349
-2 1349
-2 1349
+1 1349
+2 1349
+3 1349
-46 1349
+39 1349
+1 1349
+5 1349
-1 1349
-2 1349
-1 1349
+2 1349
+3 1349
-46 1349
+30 9443
+14 9443
-5 18886
+5 9443
-11 9443
+2 9443
+9 9443
-25 9443
+22 9443
-2 9443
+2 9443
-11 9443
+14 9443
-15 9443
-1 9443
+16 9443
-5 9443
-9 9443
+10 9443
+2 9443
-3 9443
+2 9443
+4 9443
-2 9443
+3 9443
-6 9443
+4 9443
-44 9443
+45 9443
-6 9443
+3 9443
+1 9443
+3 9443
-5 9443
-2 9443
+6 9443
-1 9443
-2 9443
-2 9443
+1 9443
+2 9443
+3 9443
-46 9443
+39 9443
+1 9443
+5 9443
-1 9443
-2 9443
-1 9443
+2 9443
+3 9443
-46 9443
+51 2698

fn=(432) dct_loeffler_2d_fixed_macro
117 1
cfn=(434)
calls=1 6 
* 5297883

fn=(433) dct_loeffler_2d_fixed_macro'2
117 1349
cfn=(435)
calls=1349 6 
* 2468670

fl=(9) /root/C-Optimization-DCT/src/dct/naive.c
fn=(412) dct_naive
46 2
+5 1
-5 2
+5 1
-5 3
+17 3
-14 3
+2 1
+1 1
-1 9
+1 1
-1 1
+3 4
-2 7
-1 63
+1 7
-1 7
+3 140
* 56
* 56
+2 56
+6 280
-7 112
+1 8
+6 40
-7 912
+8 19712
-7 896
+9 448
-9 448
+7 2816
-7 128
+9 64
-9 64
+12 192
+1 448
-17 192
+17 64
-17 1576
-3 122
+2 7
+21 3
cfi=(8)
cfn=(383)
calls=1 -47 
* 63865458

fn=(413) dct_naive'2
46 2698
+5 1349
-5 2698
+5 1349
-5 4047
+17 4047
-14 4047
+2 1349
+1 1349
-1 12141
+1 1349
-1 1349
+3 5396
-2 9443
-1 84987
+1 9443
-1 9443
+3 188860
* 75544
* 75544
+2 75544
+6 377720
-7 151088
+1 10792
+6 53960
-7 1230288
+8 26591488
-7 1208704
+9 604352
-9 604352
+7 3798784
-7 172672
+9 86336
-9 86336
+12 259008
+1 604352
-17 259008
+17 86336
-17 2126024
-3 164578
+2 9443
+21 4047

fl=(8)
fn=(382) dct
fi=(6) /root/C-Optimization-DCT/src/main.c
29 2
cob=(3) /usr/lib/libc-2.28.so
cfi=(3) ???
cfn=(372) free
calls=1 -29 
* 161
cob=(1) /usr/lib/ld-2.28.so
cfi=(1) ???
cfn=(218) _dl_runtime_resolve
calls=1 -29 
* 1051
* 10
fe=(8)
+32 3
+1 2
-1 2
+1 1
+7 4
cfi=(9)
cfn=(412)
calls=1 -23 
* 63894414
cob=(3)
cfi=(3)
cfn=(386) puts
calls=2 -69 
* 2779
cob=(1)
cfi=(1)
cfn=(218)
calls=1 -69 
* 996
* 296

fn=(383)
25 396
+7 243480
-7 44
+7 176
-7 44
+7 88
+4 88
-4 88
-7 44
+11 44
cfi=(17) /root/C-Optimization-DCT/src/dct/loeffler_2d_fixed_asm.c
cfn=(437) dct_loeffler_2d_fixed_asm'2
calls=44 178 
* 72776
-4 19575
-7 1305
+7 5220
-7 1305
+7 2610
+4 2610
-4 2610
-7 1305
+11 1305
cfi=(17)
cfn=(437)
calls=1305 178 
* 2158470
-11 12150
-1 495
+97 2
-96 308
+36 88
-29 243480
-7 44
+7 176
-7 44
+7 88
+4 88
-4 88
-7 44
+11 44
cfi=(9)
cfn=(413)
calls=44 +10 
* 1274064
-4 19575
-7 1305
+7 5220
-7 1305
+7 2610
+4 2610
-4 2610
-7 1305
+11 1305
cfi=(9)
cfn=(413)
calls=1305 +10 
* 37787580
-11 12150
-1 496
+54 3
+8 3
cfi=(11) /root/C-Optimization-DCT/src/dct/loeffler_float.c
cfn=(416) dct_loeffler_float
calls=1 +15 
* 19200432
cob=(3)
cfi=(3)
cfn=(386)
calls=1 -86 
* 2583
* 262
-61 396
+7 243480
-7 44
+7 176
-7 44
+7 88
+4 88
-4 88
-7 44
+11 44
cfi=(11)
cfn=(417) dct_loeffler_float'2
calls=44 +65 
* 129360
-4 19575
-7 1305
+7 5220
-7 1305
+7 2610
+4 2610
-4 2610
-7 1305
+11 1305
cfi=(11)
cfn=(417)
calls=1305 +65 
* 3836700
-11 12150
-1 496
+66 6
+2 3
cfi=(12) /root/C-Optimization-DCT/src/dct/loeffler_fixed.c
cfn=(418) dct_loeffler_fixed
calls=1 +7 
* 14933742
cob=(3)
cfi=(3)
cfn=(386)
calls=1 -92 
* 2435
* 263
-67 396
+7 243480
-7 44
+7 176
-7 44
+7 88
+4 88
-4 88
-7 44
+11 44
cfi=(16)
cfn=(433)
calls=44 +81 
* 80564
-4 19575
-7 1305
+7 5220
-7 1305
+7 2610
+4 2610
-4 2610
-7 1305
+11 1305
cfi=(16)
cfn=(433)
calls=1305 +81 
* 2389455
-11 12150
-1 496
+91 6
+2 3
cfi=(17)
cfn=(436) dct_loeffler_2d_fixed_asm
calls=1 +61 
* 2527884
cob=(3)
cfi=(3)
cfn=(386)
calls=1 0 
* 2895
* 263
-92 396
+7 243480
-7 44
+7 176
-7 44
+7 88
+4 88
-4 88
-7 44
+11 44
cfi=(14) /root/C-Optimization-DCT/src/dct/loeffler_2d_fixed_inline.c
cfn=(427) dct_loeffler_2d_fixed_inline'2
calls=44 +81 
* 89672
-4 19575
-7 1305
+7 5220
-7 1305
+7 2610
+4 2610
-4 2610
-7 1305
+11 1305
cfi=(14)
cfn=(427)
calls=1305 +81 
* 2659590
-11 12150
-1 496
+84 3
+2 3
cfi=(16)
cfn=(432)
calls=1 +7 
* 5297884
cob=(3)
cfi=(3)
cfn=(386)
calls=1 0 
* 3491
* 263
-85 396
+7 243480
-7 44
+7 176
-7 44
+7 88
+4 88
-4 88
-7 44
+11 44
cfi=(13) /root/C-Optimization-DCT/src/dct/loeffler_2d_fixed.c
cfn=(423) dct_loeffler_2d_fixed'2
calls=44 142 
* 89672
-4 19575
-7 1305
+7 5220
-7 1305
+7 2610
+4 2610
-4 2610
-7 1305
+11 1305
cfi=(13)
cfn=(423)
calls=1305 142 
* 2659590
-11 12150
-1 496
+78 6
+2 3
cfi=(14)
cfn=(426) dct_loeffler_2d_fixed_inline
calls=1 +13 
* 8347927
cob=(3)
cfi=(3)
cfn=(386)
calls=1 0 
* 3587
* 263
-79 396
+7 243480
-7 44
+7 176
-7 44
+7 88
+4 88
-4 88
-7 44
+11 44
cfi=(12)
cfn=(419) dct_loeffler_fixed'2
calls=44 +63 
* 105512
-4 19575
-7 1305
+7 5220
-7 1305
+7 2610
+4 2610
-4 2610
-7 1305
+11 1305
cfi=(12)
cfn=(419)
calls=1305 +63 
* 3129390
-11 12150
-1 496
+72 6
+2 3
cfi=(13)
cfn=(422) dct_loeffler_2d_fixed
calls=1 +44 
* 11398069
cob=(3)
cfi=(3)
cfn=(386)
calls=1 -98 
* 3118
* 263
-18 3
cfi=(10)
cfn=(414)
calls=1 -21 
* 24506767
cob=(3)
cfi=(3)
cfn=(386)
calls=1 -80 
* 1796
* 262
-55 308
+49 88
-42 243480
-7 44
+7 176
-7 44
+7 88
+4 88
-4 88
-7 44
+11 44
cfi=(10)
cfn=(415)
calls=44 +23 
* 163240
-4 19575
-7 1305
+7 5220
-7 1305
+7 2610
+4 2610
-4 2610
-7 1305
+11 1305
cfi=(10)
cfn=(415)
calls=1305 +23 
* 4841550
-11 12150
-1 495
+60 5

fl=(17)
fn=(438) dct_2d_fixed_asm
7 1
+73 2
-73 5
+9 3
+1 2
+1 2
-2 1
+2 3
+1 2
+25 1
-25 3
+1 2
+10 1
-10 3
+1 2
+7 1
-7 3
+1 2
+11 8
-11 3
+1 2
+50 1
-50 1
+52 1
-31 5
-28 21
+1 14
+1 14
-2 7
+2 21
+1 14
+25 7
-25 21
+1 14
+10 7
-10 21
+1 14
+7 7
-7 21
+1 14
+11 56
-11 21
+1 14
+50 7
-50 7
+52 7
-31 56
+31 7
-2 7
+2 7
-2 7
+7 7
-36 3
+31 1
-2 1
+2 1
-2 1
+7 1
+5 1
-57 1
+2 1
+46 1
-2 1
-46 1
+2 1
+46 1
-2 1
-15 2
-30 1
+2 1
+51 1
+1 1
-3 1
-21 1
+1 1
+25 1
-74 1
+69 1
+5 1
-2 1
+5 1
-27 8
+26 1
-6 1
+5 1
-2 1
-73 3
+74 7
-57 7
+2 7
+46 7
-2 7
-46 7
+2 7
+46 7
-2 7
-15 14
-30 7
+2 7
+51 7
+1 7
-3 7
-21 7
+1 7
+25 7
-74 7
+69 7
+5 7
-2 7
+5 7
-27 56
+26 7
-6 7
+5 7
-2 7
-73 24
+87 1
+6 1
-4 1
+2 1
-4 1
+6 1
-4 1
+2 1
-3 1
+6 1
-4 1
+25 8
-28 1
+59 1
-54 1
+52 1
-40 8
+40 1
+2 1
-53 1
-2 1
-2 1
+57 1
-2 1
-51 1
-4 1
+2 1
-4 1
+64 1
+5 1
-5 1
+5 1
-57 1
+48 1
-46 1
+29 2
+15 1
+6 1
+5 1
-3 2
-53 1
-13 7
+6 7
-4 7
+2 7
-4 7
+6 7
-4 7
+2 7
-3 7
+6 7
-4 7
+25 56
-28 7
+59 7
-54 7
+52 7
-40 56
+40 7
+2 7
-53 7
-2 7
-2 7
+57 7
-2 7
-51 7
-4 7
+2 7
-4 7
+64 7
+5 7
-5 7
+5 7
-57 7
+48 7
-46 7
+29 14
+15 7
+6 7
+5 7
-3 14
-53 7
+51 7
+5 7
-25 7
+20 1
+5 1
-25 1
-1 1
-28 1
+52 1
-22 8
+24 1
+1 1
-25 1
+23 1
+3 1
-7 1
+2 2
+2 1
-3 1
+4 1
+1 1
-3 1
-3 1
+7 1
-5 1
+4 1
-6 1
+5 1
-4 1
+2 1
+4 1
-3 1
-73 1
+71 1
-2 1
+1 1
+5 1
-1 1
-2 1
+1 1
+3 1
+1 1
-6 1
-71 1
+48 7
-28 7
+52 7
-22 56
+24 7
+1 7
-25 7
+23 7
+3 7
-7 7
+2 14
+2 7
-3 7
+4 7
+1 7
-3 7
-3 7
+7 7
-5 7
+4 7
-6 7
+5 7
-4 7
+2 7
+4 7
-3 7
-73 7
+71 7
-2 7
+1 7
+5 7
-1 7
-2 7
+1 7
+3 7
+1 7
-6 7
-71 7
+81 2
cfi=(8)
cfn=(383)
calls=1 25 
* 2526230

fn=(439) dct_2d_fixed_asm'2
7 1349
+73 2698
-73 6745
+9 4047
+1 2698
+1 2698
-2 1349
+2 4047
+1 2698
+25 1349
-25 4047
+1 2698
+10 1349
-10 4047
+1 2698
+7 1349
-7 4047
+1 2698
+11 10792
-11 4047
+1 2698
+50 1349
-50 1349
+52 1349
-31 6745
-28 28329
+1 18886
+1 18886
-2 9443
+2 28329
+1 18886
+25 9443
-25 28329
+1 18886
+10 9443
-10 28329
+1 18886
+7 9443
-7 28329
+1 18886
+11 75544
-11 28329
+1 18886
+50 9443
-50 9443
+52 9443
-31 75544
+31 9443
-2 9443
+2 9443
-2 9443
+7 9443
-36 4047
+31 1349
-2 1349
+2 1349
-2 1349
+7 1349
+5 1349
-57 1349
+2 1349
+46 1349
-2 1349
-46 1349
+2 1349
+46 1349
-2 1349
-15 2698
-30 1349
+2 1349
+51 1349
+1 1349
-3 1349
-21 1349
+1 1349
+25 1349
-74 1349
+69 1349
+5 1349
-2 1349
+5 1349
-27 10792
+26 1349
-6 1349
+5 1349
-2 1349
-73 4047
+74 9443
-57 9443
+2 9443
+46 9443
-2 9443
-46 9443
+2 9443
+46 9443
-2 9443
-15 18886
-30 9443
+2 9443
+51 9443
+1 9443
-3 9443
-21 9443
+1 9443
+25 9443
-74 9443
+69 9443
+5 9443
-2 9443
+5 9443
-27 75544
+26 9443
-6 9443
+5 9443
-2 9443
-73 32376
+87 1349
+6 1349
-4 1349
+2 1349
-4 1349
+6 1349
-4 1349
+2 1349
-3 1349
+6 1349
-4 1349
+25 10792
-28 1349
+59 1349
-54 1349
+52 1349
-40 10792
+40 1349
+2 1349
-53 1349
-2 1349
-2 1349
+57 1349
-2 1349
-51 1349
-4 1349
+2 1349
-4 1349
+64 1349
+5 1349
-5 1349
+5 1349
-57 1349
+48 1349
-46 1349
+29 2698
+15 1349
+6 1349
+5 1349
-3 2698
-53 1349
-13 9443
+6 9443
-4 9443
+2 9443
-4 9443
+6 9443
-4 9443
+2 9443
-3 9443
+6 9443
-4 9443
+25 75544
-28 9443
+59 9443
-54 9443
+52 9443
-40 75544
+40 9443
+2 9443
-53 9443
-2 9443
-2 9443
+57 9443
-2 9443
-51 9443
-4 9443
+2 9443
-4 9443
+64 9443
+5 9443
-5 9443
+5 9443
-57 9443
+48 9443
-46 9443
+29 18886
+15 9443
+6 9443
+5 9443
-3 18886
-53 9443
+51 9443
+5 9443
-25 9443
+20 1349
+5 1349
-25 1349
-1 1349
-28 1349
+52 1349
-22 10792
+24 1349
+1 1349
-25 1349
+23 1349
+3 1349
-7 1349
+2 2698
+2 1349
-3 1349
+4 1349
+1 1349
-3 1349
-3 1349
+7 1349
-5 1349
+4 1349
-6 1349
+5 1349
-4 1349
+2 1349
+4 1349
-3 1349
-73 1349
+71 1349
-2 1349
+1 1349
+5 1349
-1 1349
-2 1349
+1 1349
+3 1349
+1 1349
-6 1349
-71 1349
+48 9443
-28 9443
+52 9443
-22 75544
+24 9443
+1 9443
-25 9443
+23 9443
+3 9443
-7 9443
+2 18886
+2 9443
-3 9443
+4 9443
+1 9443
-3 9443
-3 9443
+7 9443
-5 9443
+4 9443
-6 9443
+5 9443
-4 9443
+2 9443
+4 9443
-3 9443
-73 9443
+71 9443
-2 9443
+1 9443
+5 9443
-1 9443
-2 9443
+1 9443
+3 9443
+1 9443
-6 9443
-71 9443
+81 2698

fn=(436)
178 1
cfn=(438)
calls=1 7 
* 2527883

fn=(437)
178 1349
cfn=(439)
calls=1349 7 
* 2229897

fl=(12)
fn=(418)
99 1
-65 1
+6 1
+6 1
+59 1
-6 1
-65 1
+6 1
+6 1
+59 7
-6 1
-65 1
+71 3
-65 1
+65 2
-59 1
+59 117
-67 1
+18 1
+6 1
-6 1
+6 1
-5 1
+1 1
+2 1
-2 1
+2 1
+3 1
-25 2
+23 1
-2 1
-1 1
-26 1
+30 1
-30 1
+28 1
-28 1
+8 1
+16 1
-16 1
-7 1
+6 1
-7 1
+7 1
-5 1
+5 1
-5 1
+5 1
-6 1
+11 1
-5 2
+48 1
-19 1
-30 7
+18 7
+6 7
-6 7
+6 7
-5 7
+1 7
+2 7
-2 7
+2 7
+3 7
-25 14
+23 7
-2 7
-1 7
-26 7
+30 7
-30 7
+28 7
-28 7
+8 7
+16 7
-16 7
-7 7
+6 7
-7 7
+7 7
-5 7
+5 7
-5 7
+5 7
-6 7
+11 7
-5 14
+48 7
-19 7
+2 7
-26 7
-10 7
+10 7
-4 7
+43 7
+4 7
+5 7
-9 7
-37 7
-13 7
+13 7
+35 7
+11 7
-47 7
+39 7
-39 7
+39 7
-2 7
-15 7
+2 7
-24 7
+25 1
-26 1
-10 1
+10 1
-4 1
+43 1
+4 1
+5 1
-9 1
-37 1
-13 1
+13 1
+35 1
+11 1
-47 1
+39 1
-39 1
+39 1
-2 1
-15 1
+2 1
-24 1
+47 1
-5 1
+3 1
-1 1
-43 1
-1 1
+33 1
-1 1
+10 1
+5 1
-2 1
+5 1
-7 1
+5 1
-2 1
+3 1
+16 4
-18 7
-5 7
+3 7
-1 7
-43 7
-1 7
+33 7
-1 7
+10 7
+5 7
-2 7
+5 7
-7 7
+5 7
-2 7
+3 7
+16 28
-92 1
+92 1
-93 2
+2 6
+1 6
-2 6
+2 6
+1 6
-3 6
+1 5
+1 5
-2 5
+2 5
+1 5
-3 5
+1 4
+1 4
-2 4
+2 4
+1 4
-3 4
+2 3
-1 3
+1 3
-2 3
+2 3
+1 3
-3 3
+2 2
-1 2
+1 2
-2 2
+2 2
+1 2
-3 3
+2 1
-1 1
+1 1
-2 1
+2 1
+1 2
-3 1
+87 6
-86 30
+1 24
-2 18
+2 12
+1 48
-3 6
+1 5
+1 4
-2 3
+2 2
+1 8
-3 2
+99 2
cfn=(420) dct_1d_fixed
calls=1 -64 
* 84
* 14
cfn=(420)
calls=7 -64 
* 588
* 8
-1 24
-98 1
+98 1
-99 2
+2 6
+1 6
-2 6
+2 6
+1 6
-3 6
+1 5
+1 5
-2 5
+2 5
+1 5
-3 5
+1 4
+1 4
-2 4
+2 4
+1 4
-3 4
+2 3
-1 3
+1 3
-2 3
+2 3
+1 3
-3 3
+2 2
-1 2
+1 2
-2 2
+2 2
+1 2
-3 3
+2 1
-1 1
+1 1
-2 1
+2 1
+1 2
-3 1
-1 6
+2 24
+1 12
-1 6
+1 12
-2 18
+2 12
+1 48
-3 6
+1 4
+1 2
-1 1
+1 2
-2 3
+2 2
+1 8
-3 1
124 253
+3 2
cfi=(8)
cfn=(383)
calls=1 25 
* 14931344
* 30

fn=(419)
99 1349
-65 1349
+6 1349
+6 1349
+59 1349
-6 1349
-65 1349
+6 1349
+6 1349
+59 9443
-6 1349
-65 1349
+71 4047
-65 1349
+65 2698
-59 1349
+59 157833
-67 1349
+18 1349
+6 1349
-6 1349
+6 1349
-5 1349
+1 1349
+2 1349
-2 1349
+2 1349
+3 1349
-25 2698
+23 1349
-2 1349
-1 1349
-26 1349
+30 1349
-30 1349
+28 1349
-28 1349
+8 1349
+16 1349
-16 1349
-7 1349
+6 1349
-7 1349
+7 1349
-5 1349
+5 1349
-5 1349
+5 1349
-6 1349
+11 1349
-5 2698
+48 1349
-19 1349
-30 9443
+18 9443
+6 9443
-6 9443
+6 9443
-5 9443
+1 9443
+2 9443
-2 9443
+2 9443
+3 9443
-25 18886
+23 9443
-2 9443
-1 9443
-26 9443
+30 9443
-30 9443
+28 9443
-28 9443
+8 9443
+16 9443
-16 9443
-7 9443
+6 9443
-7 9443
+7 9443
-5 9443
+5 9443
-5 9443
+5 9443
-6 9443
+11 9443
-5 18886
+48 9443
-19 9443
+2 9443
-26 9443
-10 9443
+10 9443
-4 9443
+43 9443
+4 9443
+5 9443
-9 9443
-37 9443
-13 9443
+13 9443
+35 9443
+11 9443
-47 9443
+39 9443
-39 9443
+39 9443
-2 9443
-15 9443
+2 9443
-24 9443
+25 1349
-26 1349
-10 1349
+10 1349
-4 1349
+43 1349
+4 1349
+5 1349
-9 1349
-37 1349
-13 1349
+13 1349
+35 1349
+11 1349
-47 1349
+39 1349
-39 1349
+39 1349
-2 1349
-15 1349
+2 1349
-24 1349
+47 1349
-5 1349
+3 1349
-1 1349
-43 1349
-1 1349
+33 1349
-1 1349
+10 1349
+5 1349
-2 1349
+5 1349
-7 1349
+5 1349
-2 1349
+3 1349
+16 5396
-18 9443
-5 9443
+3 9443
-1 9443
-43 9443
-1 9443
+33 9443
-1 9443
+10 9443
+5 9443
-2 9443
+5 9443
-7 9443
+5 9443
-2 9443
+3 9443
+16 37772
-92 1349
+92 1349
-93 2698
+2 8094
+1 8094
-2 8094
+2 8094
+1 8094
-3 8094
+1 6745
+1 6745
-2 6745
+2 6745
+1 6745
-3 6745
+1 5396
+1 5396
-2 5396
+2 5396
+1 5396
-3 5396
+2 4047
-1 4047
+1 4047
-2 4047
+2 4047
+1 4047
-3 4047
+2 2698
-1 2698
+1 2698
-2 2698
+2 2698
+1 2698
-3 4047
+2 1349
-1 1349
+1 1349
-2 1349
+2 1349
+1 2698
-3 1349
+87 8094
-86 40470
+1 32376
-2 24282
+2 16188
+1 64752
-3 8094
+1 6745
+1 5396
-2 4047
+2 2698
+1 10792
-3 2698
+99 2698
cfn=(420)
calls=1349 -64 
* 113316
* 18886
cfn=(420)
calls=9443 -64 
* 793212
* 10792
-1 32376
-98 1349
+98 1349
-99 2698
+2 8094
+1 8094
-2 8094
+2 8094
+1 8094
-3 8094
+1 6745
+1 6745
-2 6745
+2 6745
+1 6745
-3 6745
+1 5396
+1 5396
-2 5396
+2 5396
+1 5396
-3 5396
+2 4047
-1 4047
+1 4047
-2 4047
+2 4047
+1 4047
-3 4047
+2 2698
-1 2698
+1 2698
-2 2698
+2 2698
+1 2698
-3 4047
+2 1349
-1 1349
+1 1349
-2 1349
+2 1349
+1 2698
-3 1349
-1 8094
+2 32376
+1 16188
-1 8094
+1 16188
-2 24282
+2 16188
+1 64752
-3 8094
+1 5396
+1 2698
-1 1349
+1 2698
-2 4047
+2 2698
+1 10792
-3 1349
124 341297
+3 43168

fn=(420)
53 10800
-15 10800
+2 10800
-6 10800
+22 10800
+6 10800
-6 10800
+6 10800
-5 10800
+1 21600
+5 10800
-7 10800
-18 10800
+22 10800
-22 10800
+21 10800
-1 10800
+3 10800
-8 10800
+3 10800
+6 10800
-23 10800
+22 10800
-22 10800
+21 10800
-20 10800
-8 10800
+8 10800
-1 10800
-7 21600
+7 10800
-5 10800
-2 10800
+2 10800
+34 10800
-35 10800
+35 10800
-24 10800
+2 10800
-13 10800
+37 10800
-26 21600
+2 10800
+41 10800
-41 10800
+46 10800
-53 21600
-5 10800
+6 10800
+43 10800
-50 10800
+54 10800
-6 10800
+11 10800
-8 10800
-39 10800
+22 10800
-22 10800
+37 10800
-13 10800
-2 10800
-22 10800
+42 10800
+3 10800
+2 10800
-47 10800
+1 10800
+43 10800
-11 10800
-1 10800
+10 10800
+5 10800
+1 10800
-5 10800
+2 10800
+5 10800
-4 10800
+3 10800
+2 21600

fl=(6)
fn=(248) main
9 1
+1 1
-1 1
+6 6
-5 2
+2 1
+3 1
cfi=(7) /root/C-Optimization-DCT/src/util/helpers.c
cfn=(250) read_arguments
calls=1 +97 
* 64249231
-15 1
fi=(3)
cob=(3)
cfi=(3)
cfn=(442) exit
calls=1 0 
0 2242
fe=(6)

fl=(13)
fn=(422)
142 1
cfn=(424) dct_2d_fixed
calls=1 31 
* 11398068

fn=(423)
142 1349
cfn=(425) dct_2d_fixed'2
calls=1349 31 
* 2747913

fn=(424)
31 6
+9 2
+1 3
+1 2
-2 1
+2 3
+1 2
+9 1
-9 3
+1 2
+10 1
-10 3
+1 2
+9 1
-9 3
+1 2
-31 1
+31 3
+1 2
+5 1
-5 2
-29 4
+2 2
-1 1
-5 1
+5 2
-5 1
-1 1
+1 1
-1 1
+27 14
+1 21
+1 14
-2 7
+2 21
+1 14
+9 7
-9 21
+1 14
+10 7
-10 21
+1 14
+9 7
-9 21
+1 14
-31 7
+31 21
+1 14
+5 7
-5 14
-29 28
+2 14
-1 7
-5 7
+5 14
-5 7
-1 7
+1 7
-1 14
+1 7
+5 7
-5 14
+39 7
-40 1
+1 1
+5 1
-5 2
+39 1
-34 1
+34 1
+14 2
+7 1
-21 1
+21 1
-59 5
+40 1
+14 2
-14 1
+14 1
+5 1
+5 2
-9 1
-50 1
+47 2
-42 2
+42 1
+12 1
-54 1
+43 1
-43 1
-2 1
+45 1
-44 1
+28 1
-29 2
+1 2
+1 1
+27 1
+2 1
-2 1
+18 1
-2 1
-14 1
-29 1
-1 1
+53 1
-1 1
-2 1
-10 1
-1 1
+16 1
-60 7
+34 7
+14 14
+7 7
-21 7
+21 7
-59 35
+40 7
+14 14
-14 7
+14 7
+5 7
+5 14
-9 7
-50 7
+47 14
-42 14
+42 7
+12 7
-54 7
+43 7
-43 7
-2 7
+45 7
-44 7
+28 7
-29 14
+1 14
+1 7
+27 7
+2 7
-2 7
+18 7
-2 7
-14 7
-29 7
-1 7
+53 7
-1 7
-2 7
-10 7
-1 7
+16 7
-55 7
+1 7
+49 7
+5 7
-2 7
+5 7
-58 1
+1 1
+49 1
+5 1
-2 1
+5 1
-58 1
+1 1
+53 1
+3 1
-46 4
-11 7
+1 7
+53 7
+3 7
-46 28
-15 5
+72 1
+6 2
-6 1
+7 1
-6 2
+6 1
-81 1
+78 2
-2 2
-76 1
+80 1
-80 1
+79 2
-79 1
+74 1
+3 1
-76 1
+76 1
-76 1
+75 1
-79 1
+4 1
+77 1
-83 1
+2 1
-1 1
+84 1
-84 1
+1 1
-2 1
+81 1
-81 1
+7 1
-6 1
+90 1
-8 1
-81 1
+89 1
-89 1
-1 1
+93 1
-88 1
-5 1
+91 1
-86 1
-4 1
+92 1
+14 1
-16 1
+16 1
-29 7
+6 14
-6 7
+7 7
-6 14
+6 7
-81 7
+78 14
-2 14
-76 7
+80 7
-80 7
+79 14
-79 7
+74 7
+3 7
-76 7
+76 7
-76 7
+75 7
-79 7
+4 7
+77 7
-83 7
+2 7
-1 7
+84 7
-84 7
+1 7
-2 7
+81 7
-81 7
+7 7
-6 7
+90 7
-8 7
-81 7
+89 7
-89 7
-1 7
+93 7
-88 7
-5 7
+91 7
-86 7
-4 7
+92 7
+14 7
-16 7
+16 7
-96 14
-11 7
+6 7
121 7
-96 2
-11 1
+6 1
121 1
-2 1
-94 1
+94 1
+7 1
-20 1
-83 1
+1 1
126 1
-4 1
-98 1
-1 1
+2 1
+94 1
-96 1
131 2
24 1
+96 1
+8 1
-2 1
-20 1
-81 1
131 1
-3 1
24 1
131 1
-15 1
+10 1
-11 1
-90 1
132 1
-3 1
-1 1
+2 1
-4 1
+1 1
+4 1
+2 1
-5 1
-41 1
+40 1
+4 1
-5 1
+6 1
-3 1
+4 1
-3 1
-4 1
+3 1
+3 1
-2 1
-3 1
+6 1
-2 1
-44 1
+32 7
-94 7
+94 7
+7 7
-20 7
-83 7
+1 7
126 7
-4 7
-98 7
-1 7
+2 7
+94 7
-96 7
131 14
24 7
+96 7
+8 7
-2 7
-20 7
-81 7
131 7
-3 7
24 7
131 7
-15 7
+10 7
-11 7
-90 7
132 7
-3 7
-1 7
+2 7
-4 7
+1 7
+4 7
+2 7
-5 7
-41 7
+40 7
+4 7
-5 7
+6 7
-3 7
+4 7
-3 7
-4 7
+3 7
+3 7
-2 7
-3 7
+6 7
-2 7
-44 7
+41 7
-2 7
+6 7
-5 7
+4 7
-3 1
-2 1
+6 1
-5 1
+4 1
-2 1
-1 1
+2 1
+3 1
-46 1
+42 7
-1 7
+2 7
+3 7
-46 7
+51 2
cfi=(8)
cfn=(383)
calls=1 25 
* 11396031

fn=(425)
31 8094
+9 2698
+1 4047
+1 2698
-2 1349
+2 4047
+1 2698
+9 1349
-9 4047
+1 2698
+10 1349
-10 4047
+1 2698
+9 1349
-9 4047
+1 2698
-31 1349
+31 4047
+1 2698
+5 1349
-5 2698
-29 5396
+2 2698
-1 1349
-5 1349
+5 2698
-5 1349
-1 1349
+1 1349
-1 1349
+27 18886
+1 28329
+1 18886
-2 9443
+2 28329
+1 18886
+9 9443
-9 28329
+1 18886
+10 9443
-10 28329
+1 18886
+9 9443
-9 28329
+1 18886
-31 9443
+31 28329
+1 18886
+5 9443
-5 18886
-29 37772
+2 18886
-1 9443
-5 9443
+5 18886
-5 9443
-1 9443
+1 9443
-1 18886
+1 9443
+5 9443
-5 18886
+39 9443
-40 1349
+1 1349
+5 1349
-5 2698
+39 1349
-34 1349
+34 1349
+14 2698
+7 1349
-21 1349
+21 1349
-59 6745
+40 1349
+14 2698
-14 1349
+14 1349
+5 1349
+5 2698
-9 1349
-50 1349
+47 2698
-42 2698
+42 1349
+12 1349
-54 1349
+43 1349
-43 1349
-2 1349
+45 1349
-44 1349
+28 1349
-29 2698
+1 2698
+1 1349
+27 1349
+2 1349
-2 1349
+18 1349
-2 1349
-14 1349
-29 1349
-1 1349
+53 1349
-1 1349
-2 1349
-10 1349
-1 1349
+16 1349
-60 9443
+34 9443
+14 18886
+7 9443
-21 9443
+21 9443
-59 47215
+40 9443
+14 18886
-14 9443
+14 9443
+5 9443
+5 18886
-9 9443
-50 9443
+47 18886
-42 18886
+42 9443
+12 9443
-54 9443
+43 9443
-43 9443
-2 9443
+45 9443
-44 9443
+28 9443
-29 18886
+1 18886
+1 9443
+27 9443
+2 9443
-2 9443
+18 9443
-2 9443
-14 9443
-29 9443
-1 9443
+53 9443
-1 9443
-2 9443
-10 9443
-1 9443
+16 9443
-55 9443
+1 9443
+49 9443
+5 9443
-2 9443
+5 9443
-58 1349
+1 1349
+49 1349
+5 1349
-2 1349
+5 1349
-58 1349
+1 1349
+53 1349
+3 1349
-46 5396
-11 9443
+1 9443
+53 9443
+3 9443
-46 37772
-15 6745
+72 1349
+6 2698
-6 1349
+7 1349
-6 2698
+6 1349
-81 1349
+78 2698
-2 2698
-76 1349
+80 1349
-80 1349
+79 2698
-79 1349
+74 1349
+3 1349
-76 1349
+76 1349
-76 1349
+75 1349
-79 1349
+4 1349
+77 1349
-83 1349
+2 1349
-1 1349
+84 1349
-84 1349
+1 1349
-2 1349
+81 1349
-81 1349
+7 1349
-6 1349
+90 1349
-8 1349
-81 1349
+89 1349
-89 1349
-1 1349
+93 1349
-88 1349
-5 1349
+91 1349
-86 1349
-4 1349
+92 1349
+14 1349
-16 1349
+16 1349
-29 9443
+6 18886
-6 9443
+7 9443
-6 18886
+6 9443
-81 9443
+78 18886
-2 18886
-76 9443
+80 9443
-80 9443
+79 18886
-79 9443
+74 9443
+3 9443
-76 9443
+76 9443
-76 9443
+75 9443
-79 9443
+4 9443
+77 9443
-83 9443
+2 9443
-1 9443
+84 9443
-84 9443
+1 9443
-2 9443
+81 9443
-81 9443
+7 9443
-6 9443
+90 9443
-8 9443
-81 9443
+89 9443
-89 9443
-1 9443
+93 9443
-88 9443
-5 9443
+91 9443
-86 9443
-4 9443
+92 9443
+14 9443
-16 9443
+16 9443
-96 18886
-11 9443
+6 9443
121 9443
-96 2698
-11 1349
+6 1349
121 1349
-2 1349
-94 1349
+94 1349
+7 1349
-20 1349
-83 1349
+1 1349
126 1349
-4 1349
-98 1349
-1 1349
+2 1349
+94 1349
-96 1349
131 2698
24 1349
+96 1349
+8 1349
-2 1349
-20 1349
-81 1349
131 1349
-3 1349
24 1349
131 1349
-15 1349
+10 1349
-11 1349
-90 1349
132 1349
-3 1349
-1 1349
+2 1349
-4 1349
+1 1349
+4 1349
+2 1349
-5 1349
-41 1349
+40 1349
+4 1349
-5 1349
+6 1349
-3 1349
+4 1349
-3 1349
-4 1349
+3 1349
+3 1349
-2 1349
-3 1349
+6 1349
-2 1349
-44 1349
+32 9443
-94 9443
+94 9443
+7 9443
-20 9443
-83 9443
+1 9443
126 9443
-4 9443
-98 9443
-1 9443
+2 9443
+94 9443
-96 9443
131 18886
24 9443
+96 9443
+8 9443
-2 9443
-20 9443
-81 9443
131 9443
-3 9443
24 9443
131 9443
-15 9443
+10 9443
-11 9443
-90 9443
132 9443
-3 9443
-1 9443
+2 9443
-4 9443
+1 9443
+4 9443
+2 9443
-5 9443
-41 9443
+40 9443
+4 9443
-5 9443
+6 9443
-3 9443
+4 9443
-3 9443
-4 9443
+3 9443
+3 9443
-2 9443
-3 9443
+6 9443
-2 9443
-44 9443
+41 9443
-2 9443
+6 9443
-5 9443
+4 9443
-3 1349
-2 1349
+6 1349
-5 1349
+4 1349
-2 1349
-1 1349
+2 1349
+3 1349
-46 1349
+42 9443
-1 9443
+2 9443
+3 9443
-46 9443
+51 2698

fl=(5) ???
fn=(212) 0x00010558
0 11
cob=(3)
cfi=(3)
cfn=(222) (below main)
calls=1 0 
0 64251724
cob=(1)
cfi=(1)
cfn=(218)
calls=1 0 
0 1119
0 7

fn=(454) 0x000105b8
0 6

fn=(230) __libc_csu_init
0 10
cob=(2) ???
cfi=(2) ???
cfn=(232) 0x00010420
calls=1 0 
0 9
0 9
cfn=(238) 0x00010644
calls=1 0 
0 10
0 3

fn=(234) 0x00010594
0 6

fn=(238)
0 10

fn=(450) 0x0001061c
0 7
cfn=(454)
calls=1 0 
0 6
0 3

fl=(14)
fn=(428) dct_2d_fixed_inline
6 6
+9 2
+1 3
+1 2
-2 1
+2 3
+1 2
+9 1
-9 3
+1 2
+10 1
-10 3
+1 2
+9 1
-9 3
+1 2
fi=(15) /root/C-Optimization-DCT/include/dct/loeffler_2d_fixed_inline.h
-2 1
fe=(14)
+2 3
+1 2
+5 1
-5 2
fi=(15)
+10 4
+2 2
-1 1
-15 1
+15 2
-15 1
-1 1
+1 1
-1 1
fe=(14)
-2 14
+1 21
+1 14
-2 7
+2 21
+1 14
+9 7
-9 21
+1 14
+10 7
-10 21
+1 14
+9 7
-9 21
+1 14
fi=(15)
-2 7
fe=(14)
+2 21
+1 14
+5 7
-5 14
fi=(15)
+10 28
+2 14
-1 7
-15 7
+15 14
-15 7
-1 7
+1 7
-1 14
+1 7
+15 7
-15 14
fe=(14)
+10 7
fi=(15)
-11 1
+1 1
+15 1
-15 2
fe=(14)
+10 1
fi=(15)
+5 1
fe=(14)
-5 1
+14 2
+7 1
-21 1
+21 1
fi=(15)
-30 5
fe=(14)
+11 1
+14 2
-14 1
+14 1
+5 1
+5 2
-9 1
fi=(15)
-11 1
fe=(14)
+8 2
fi=(15)
+7 2
fe=(14)
-7 1
+12 1
fi=(15)
-5 1
fe=(14)
-6 1
fi=(15)
+6 1
-2 1
fe=(14)
-4 1
fi=(15)
+5 1
fe=(14)
-21 1
fi=(15)
+20 2
+1 2
+1 1
fe=(14)
-22 1
+2 1
-2 1
+18 1
-2 1
-14 1
fi=(15)
+20 1
-1 1
fe=(14)
+4 1
-1 1
-2 1
-10 1
-1 1
+16 1
fi=(15)
-21 7
fe=(14)
-5 7
+14 14
+7 7
-21 7
+21 7
fi=(15)
-30 35
fe=(14)
+11 7
+14 14
-14 7
+14 7
+5 7
+5 14
-9 7
fi=(15)
-11 7
fe=(14)
+8 14
fi=(15)
+7 14
fe=(14)
-7 7
+12 7
fi=(15)
-5 7
fe=(14)
-6 7
fi=(15)
+6 7
-2 7
fe=(14)
-4 7
fi=(15)
+5 7
fe=(14)
-21 7
fi=(15)
+20 14
+1 14
+1 7
fe=(14)
-22 7
+2 7
-2 7
+18 7
-2 7
-14 7
fi=(15)
+20 7
-1 7
fe=(14)
+4 7
-1 7
-2 7
-10 7
-1 7
+16 7
fi=(15)
-6 7
+1 14
fe=(14)
+5 7
-2 7
+5 7
fi=(15)
-9 1
+1 2
fe=(14)
+5 1
-2 1
+5 1
fi=(15)
-9 1
+1 1
fe=(14)
+4 1
+3 1
-46 4
fi=(15)
+38 7
+1 7
fe=(14)
+4 7
+3 7
-46 28
fi=(15)
+24 5
fe=(14)
+33 1
+6 2
-6 1
+7 1
-6 2
+6 1
fi=(15)
-42 1
fe=(14)
+39 2
-2 2
fi=(15)
-37 1
fe=(14)
+41 1
fi=(15)
-41 1
fe=(14)
+40 2
fi=(15)
-40 1
fe=(14)
+35 1
+3 1
fi=(15)
-37 1
fe=(14)
+37 1
fi=(15)
-37 1
fe=(14)
+36 1
fi=(15)
-50 1
+14 1
fe=(14)
+38 1
fi=(15)
-54 1
+2 1
-1 1
fe=(14)
+55 1
fi=(15)
-55 1
+1 1
-2 1
fe=(14)
+52 1
fi=(15)
-52 1
+17 1
-16 1
fe=(14)
+61 1
-8 1
fi=(15)
-52 1
fe=(14)
+60 1
fi=(15)
-60 1
-1 1
fe=(14)
+64 1
fi=(15)
-49 1
-15 1
fe=(14)
+62 1
fi=(15)
-47 1
-14 1
fe=(14)
+63 1
+14 1
-16 1
+16 1
-29 7
+6 14
-6 7
+7 7
-6 14
+6 7
fi=(15)
-42 7
fe=(14)
+39 14
-2 14
fi=(15)
-37 7
fe=(14)
+41 7
fi=(15)
-41 7
fe=(14)
+40 14
fi=(15)
-40 7
fe=(14)
+35 7
+3 7
fi=(15)
-37 7
fe=(14)
+37 7
fi=(15)
-37 7
fe=(14)
+36 7
fi=(15)
-50 7
+14 7
fe=(14)
+38 7
fi=(15)
-54 7
+2 7
-1 7
fe=(14)
+55 7
fi=(15)
-55 7
+1 7
-2 7
fe=(14)
+52 7
fi=(15)
-52 7
+17 7
-16 7
fe=(14)
+61 7
-8 7
fi=(15)
-52 7
fe=(14)
+60 7
fi=(15)
-60 7
-1 7
fe=(14)
+64 7
fi=(15)
-49 7
-15 7
fe=(14)
+62 7
fi=(15)
-47 7
-14 7
fe=(14)
+63 7
+14 7
-16 7
+16 7
fi=(15)
-47 14
-31 7
+16 7
fe=(14)
+62 7
fi=(15)
-47 2
-31 1
+16 1
fe=(14)
+62 1
-2 1
fi=(15)
-45 1
fe=(14)
+45 1
+7 1
-20 1
fi=(15)
-34 1
+1 1
fe=(14)
+53 1
-4 1
fi=(15)
-49 1
-1 1
+2 1
fe=(14)
+45 1
fi=(15)
-47 1
fe=(14)
+59 2
fi=(15)
-58 1
fe=(14)
+47 1
+8 1
-2 1
-20 1
fi=(15)
-32 1
fe=(14)
+57 1
-3 1
fi=(15)
-55 1
fe=(14)
+58 1
-15 1
+10 1
-11 1
fi=(15)
-41 1
fe=(14)
+58 1
-3 1
-1 1
+2 1
-4 1
+1 1
+4 1
+2 1
-5 1
-41 1
+40 1
+4 1
-5 1
+6 1
-3 1
+4 1
-3 1
-4 1
+3 1
+3 1
-2 1
-3 1
+6 1
-2 1
-44 1
+32 7
fi=(15)
-45 7
fe=(14)
+45 7
+7 7
-20 7
fi=(15)
-34 7
+1 7
fe=(14)
+53 7
-4 7
fi=(15)
-49 7
-1 7
+2 7
fe=(14)
+45 7
fi=(15)
-47 7
fe=(14)
+59 14
fi=(15)
-58 7
fe=(14)
+47 7
+8 7
-2 7
-20 7
fi=(15)
-32 7
fe=(14)
+57 7
-3 7
fi=(15)
-55 7
fe=(14)
+58 7
-15 7
+10 7
-11 7
fi=(15)
-41 7
fe=(14)
+58 7
-3 7
-1 7
+2 7
-4 7
+1 7
+4 7
+2 7
-5 7
-41 7
+40 7
+4 7
-5 7
+6 7
-3 7
+4 7
-3 7
-4 7
+3 7
+3 7
-2 7
-3 7
+6 7
-2 7
-44 7
+41 7
-2 7
+6 7
-5 7
+4 7
-3 1
-2 1
+6 1
-5 1
+4 1
-2 1
-1 1
+2 1
+3 1
-46 1
+42 7
-1 7
+2 7
+3 7
-46 7
+51 2
cfi=(8)
cfn=(383)
calls=1 -88 
* 8345889

fn=(429) dct_2d_fixed_inline'2
6 8094
+9 2698
+1 4047
+1 2698
-2 1349
+2 4047
+1 2698
+9 1349
-9 4047
+1 2698
+10 1349
-10 4047
+1 2698
+9 1349
-9 4047
+1 2698
fi=(15)
-2 1349
fe=(14)
+2 4047
+1 2698
+5 1349
-5 2698
fi=(15)
+10 5396
+2 2698
-1 1349
-15 1349
+15 2698
-15 1349
-1 1349
+1 1349
-1 1349
fe=(14)
-2 18886
+1 28329
+1 18886
-2 9443
+2 28329
+1 18886
+9 9443
-9 28329
+1 18886
+10 9443
-10 28329
+1 18886
+9 9443
-9 28329
+1 18886
fi=(15)
-2 9443
fe=(14)
+2 28329
+1 18886
+5 9443
-5 18886
fi=(15)
+10 37772
+2 18886
-1 9443
-15 9443
+15 18886
-15 9443
-1 9443
+1 9443
-1 18886
+1 9443
+15 9443
-15 18886
fe=(14)
+10 9443
fi=(15)
-11 1349
+1 1349
+15 1349
-15 2698
fe=(14)
+10 1349
fi=(15)
+5 1349
fe=(14)
-5 1349
+14 2698
+7 1349
-21 1349
+21 1349
fi=(15)
-30 6745
fe=(14)
+11 1349
+14 2698
-14 1349
+14 1349
+5 1349
+5 2698
-9 1349
fi=(15)
-11 1349
fe=(14)
+8 2698
fi=(15)
+7 2698
fe=(14)
-7 1349
+12 1349
fi=(15)
-5 1349
fe=(14)
-6 1349
fi=(15)
+6 1349
-2 1349
fe=(14)
-4 1349
fi=(15)
+5 1349
fe=(14)
-21 1349
fi=(15)
+20 2698
+1 2698
+1 1349
fe=(14)
-22 1349
+2 1349
-2 1349
+18 1349
-2 1349
-14 1349
fi=(15)
+20 1349
-1 1349
fe=(14)
+4 1349
-1 1349
-2 1349
-10 1349
-1 1349
+16 1349
fi=(15)
-21 9443
fe=(14)
-5 9443
+14 18886
+7 9443
-21 9443
+21 9443
fi=(15)
-30 47215
fe=(14)
+11 9443
+14 18886
-14 9443
+14 9443
+5 9443
+5 18886
-9 9443
fi=(15)
-11 9443
fe=(14)
+8 18886
fi=(15)
+7 18886
fe=(14)
-7 9443
+12 9443
fi=(15)
-5 9443
fe=(14)
-6 9443
fi=(15)
+6 9443
-2 9443
fe=(14)
-4 9443
fi=(15)
+5 9443
fe=(14)
-21 9443
fi=(15)
+20 18886
+1 18886
+1 9443
fe=(14)
-22 9443
+2 9443
-2 9443
+18 9443
-2 9443
-14 9443
fi=(15)
+20 9443
-1 9443
fe=(14)
+4 9443
-1 9443
-2 9443
-10 9443
-1 9443
+16 9443
fi=(15)
-6 9443
+1 18886
fe=(14)
+5 9443
-2 9443
+5 9443
fi=(15)
-9 1349
+1 2698
fe=(14)
+5 1349
-2 1349
+5 1349
fi=(15)
-9 1349
+1 1349
fe=(14)
+4 1349
+3 1349
-46 5396
fi=(15)
+38 9443
+1 9443
fe=(14)
+4 9443
+3 9443
-46 37772
fi=(15)
+24 6745
fe=(14)
+33 1349
+6 2698
-6 1349
+7 1349
-6 2698
+6 1349
fi=(15)
-42 1349
fe=(14)
+39 2698
-2 2698
fi=(15)
-37 1349
fe=(14)
+41 1349
fi=(15)
-41 1349
fe=(14)
+40 2698
fi=(15)
-40 1349
fe=(14)
+35 1349
+3 1349
fi=(15)
-37 1349
fe=(14)
+37 1349
fi=(15)
-37 1349
fe=(14)
+36 1349
fi=(15)
-50 1349
+14 1349
fe=(14)
+38 1349
fi=(15)
-54 1349
+2 1349
-1 1349
fe=(14)
+55 1349
fi=(15)
-55 1349
+1 1349
-2 1349
fe=(14)
+52 1349
fi=(15)
-52 1349
+17 1349
-16 1349
fe=(14)
+61 1349
-8 1349
fi=(15)
-52 1349
fe=(14)
+60 1349
fi=(15)
-60 1349
-1 1349
fe=(14)
+64 1349
fi=(15)
-49 1349
-15 1349
fe=(14)
+62 1349
fi=(15)
-47 1349
-14 1349
fe=(14)
+63 1349
+14 1349
-16 1349
+16 1349
-29 9443
+6 18886
-6 9443
+7 9443
-6 18886
+6 9443
fi=(15)
-42 9443
fe=(14)
+39 18886
-2 18886
fi=(15)
-37 9443
fe=(14)
+41 9443
fi=(15)
-41 9443
fe=(14)
+40 18886
fi=(15)
-40 9443
fe=(14)
+35 9443
+3 9443
fi=(15)
-37 9443
fe=(14)
+37 9443
fi=(15)
-37 9443
fe=(14)
+36 9443
fi=(15)
-50 9443
+14 9443
fe=(14)
+38 9443
fi=(15)
-54 9443
+2 9443
-1 9443
fe=(14)
+55 9443
fi=(15)
-55 9443
+1 9443
-2 9443
fe=(14)
+52 9443
fi=(15)
-52 9443
+17 9443
-16 9443
fe=(14)
+61 9443
-8 9443
fi=(15)
-52 9443
fe=(14)
+60 9443
fi=(15)
-60 9443
-1 9443
fe=(14)
+64 9443
fi=(15)
-49 9443
-15 9443
fe=(14)
+62 9443
fi=(15)
-47 9443
-14 9443
fe=(14)
+63 9443
+14 9443
-16 9443
+16 9443
fi=(15)
-47 18886
-31 9443
+16 9443
fe=(14)
+62 9443
fi=(15)
-47 2698
-31 1349
+16 1349
fe=(14)
+62 1349
-2 1349
fi=(15)
-45 1349
fe=(14)
+45 1349
+7 1349
-20 1349
fi=(15)
-34 1349
+1 1349
fe=(14)
+53 1349
-4 1349
fi=(15)
-49 1349
-1 1349
+2 1349
fe=(14)
+45 1349
fi=(15)
-47 1349
fe=(14)
+59 2698
fi=(15)
-58 1349
fe=(14)
+47 1349
+8 1349
-2 1349
-20 1349
fi=(15)
-32 1349
fe=(14)
+57 1349
-3 1349
fi=(15)
-55 1349
fe=(14)
+58 1349
-15 1349
+10 1349
-11 1349
fi=(15)
-41 1349
fe=(14)
+58 1349
-3 1349
-1 1349
+2 1349
-4 1349
+1 1349
+4 1349
+2 1349
-5 1349
-41 1349
+40 1349
+4 1349
-5 1349
+6 1349
-3 1349
+4 1349
-3 1349
-4 1349
+3 1349
+3 1349
-2 1349
-3 1349
+6 1349
-2 1349
-44 1349
+32 9443
fi=(15)
-45 9443
fe=(14)
+45 9443
+7 9443
-20 9443
fi=(15)
-34 9443
+1 9443
fe=(14)
+53 9443
-4 9443
fi=(15)
-49 9443
-1 9443
+2 9443
fe=(14)
+45 9443
fi=(15)
-47 9443
fe=(14)
+59 18886
fi=(15)
-58 9443
fe=(14)
+47 9443
+8 9443
-2 9443
-20 9443
fi=(15)
-32 9443
fe=(14)
+57 9443
-3 9443
fi=(15)
-55 9443
fe=(14)
+58 9443
-15 9443
+10 9443
-11 9443
fi=(15)
-41 9443
fe=(14)
+58 9443
-3 9443
-1 9443
+2 9443
-4 9443
+1 9443
+4 9443
+2 9443
-5 9443
-41 9443
+40 9443
+4 9443
-5 9443
+6 9443
-3 9443
+4 9443
-3 9443
-4 9443
+3 9443
+3 9443
-2 9443
-3 9443
+6 9443
-2 9443
-44 9443
+41 9443
-2 9443
+6 9443
-5 9443
+4 9443
-3 1349
-2 1349
+6 1349
-5 1349
+4 1349
-2 1349
-1 1349
+2 1349
+3 1349
-46 1349
+42 9443
-1 9443
+2 9443
+3 9443
-46 9443
+51 2698

fn=(426)
117 1
cfn=(428)
calls=1 6 
* 8347926

fn=(427)
117 1349
cfn=(429)
calls=1349 6 
* 2747913

fl=(7)
fn=(250)
fi=(6)
17 4
cfi=(7)
cfn=(262) read_file
calls=1 +45 
* 64246676
fe=(7)
+95 2
+17 3
+6 3
+6 1
cob=(3)
cfi=(3)
cfn=(258) strtol
calls=2 0 
* 316
cob=(3)
cfi=(3)
cfn=(254) __errno_location
calls=1 0 
* 5
cob=(1)
cfi=(1)
cfn=(218)
calls=2 0 
* 2166
* 55

fn=(262)
fi=(6)
17 1
+3 3
cfi=(7)
cfn=(380) JPG_level_off
calls=1 +79 
* 280809
+6 4
cfi=(8)
cfn=(382)
calls=1 +35 
* 63899721
fe=(7)
+36 2
+2 2
-2 1
+2 1
cob=(3)
cfi=(3)
cfn=(266) fopen@@GLIBC_2.4
calls=1 -64 
* 64952
cob=(1)
cfi=(1)
cfn=(218)
calls=1 -64 
* 1173
* 7

fn=(380)
99 1
+5 6
-8 1
+9 23
-1 1
+1 1
-1 1
+1 248377
-1 10799
+1 10799
-1 10800

fl=(11)
fn=(416)
101 2
+6 48
-6 2
+6 192
-6 3
+6 18
-56 1
+1 1
-18 1
+3 1
-3 1
+3 1
+4 1
-3 1
+13 1
-16 1
+1 2
-1 1
-1 1
+17 1
-11 1
-1 1
-4 1
+18 2
-1 1
+1 1
-16 1
+16 1
-17 1
+16 1
+4 1
-8 1
+1 1
+7 1
-1 2
-1 1
+1 1
-1 1
-20 7
+3 7
-3 7
+3 7
+4 7
-3 7
+13 7
-16 7
+1 14
-1 7
-1 7
+17 7
-11 7
-1 7
-4 7
+18 14
-1 7
+1 7
-16 7
+16 7
-17 7
+16 7
+4 7
-8 7
+1 7
+7 7
-1 14
-1 7
+1 7
-1 7
-8 7
+18 14
+4 7
-21 7
+23 7
-6 7
+17 7
-16 7
+17 7
-17 7
+6 7
-6 7
+4 7
-3 7
+13 7
-13 7
+18 7
-23 7
+20 7
-19 14
+51 7
-34 7
+5 7
-3 7
+1 7
-36 1
+18 2
+4 1
-21 1
+23 1
-6 1
+17 1
-16 1
+17 1
-17 1
+6 1
-6 1
+4 1
-3 1
+13 1
-13 1
+18 1
-23 1
+20 1
-19 2
+51 1
-34 1
+5 1
-3 1
+1 1
-6 1
+1 1
-3 1
+1 1
+12 1
+26 1
-37 7
+1 7
-3 7
+1 7
+12 7
+26 7
9 1
113 1
8 4
+2 6
+1 6
-2 6
+2 6
+1 6
-3 6
+1 5
+1 5
-1 5
-1 5
+2 5
+1 5
-3 5
+1 4
+1 4
-1 4
+1 4
-2 4
+2 4
+1 4
-3 4
+2 3
-1 3
+1 3
-1 3
-1 3
+2 3
+1 3
-3 3
+1 4
+1 2
-2 2
+2 4
+1 2
-3 3
+1 1
+1 1
-2 1
+2 3
+1 1
-3 1
+98 6
-97 78
+1 120
-2 12
+2 6
+1 18
-3 6
+1 13
+1 20
-2 2
+2 1
+1 3
-3 1
+42 3
-43 2
+26 2
+3 2
+4 1
-3 1
-3 2
+1 2
+15 1
-11 1
-1 1
-2 1
-2 1
+16 1
-17 1
+18 1
-16 1
+16 1
+1 2
-1 1
+1 1
+3 1
-8 1
+8 1
-7 1
+4 1
+2 2
-1 1
+1 1
-1 1
-8 1
+18 2
+4 1
-21 1
+17 1
+17 1
-11 1
+1 1
-2 1
+10 1
+5 1
-19 1
+16 1
-16 1
+1 1
+23 1
-7 1
-16 1
-1 1
-4 1
-27 14
+3 14
+4 7
-3 7
-3 14
+1 14
+15 7
-11 7
-1 7
-2 7
-2 7
+16 7
-17 7
+18 7
-16 7
+16 7
+1 14
-1 7
+1 7
+3 7
-8 7
+8 7
-7 7
+4 7
+2 14
-1 7
+1 7
-1 7
-8 7
+18 14
+4 7
-21 7
+17 7
+17 7
-11 7
+1 7
-2 7
+10 7
+5 7
-19 7
+16 7
-16 7
+1 7
+23 7
-7 7
-16 7
-1 7
-4 7
+1 7
+34 7
-3 7
+1 7
+1 7
-33 1
+34 1
-3 1
+1 1
+1 1
-4 1
+1 1
-3 1
+1 2
+29 1
-26 1
+3 1
-2 1
+1 1
-4 1
+1 1
-3 1
+1 1
+6 1
+23 1
-28 7
+1 7
-3 7
+1 14
+29 7
-26 7
+3 7
-2 7
+1 7
-4 7
+1 7
-3 7
+1 7
+6 7
+23 7
9 1
119 1
8 3
+2 6
+1 6
-2 6
+2 6
+1 6
-3 6
+1 5
+1 5
-1 5
-1 5
+2 5
+1 5
-3 5
+1 4
+1 4
-1 4
+1 4
-2 4
+2 4
+1 4
-3 4
+2 3
-1 3
+1 3
-1 3
-1 3
+2 3
+1 3
-3 3
+1 4
+1 2
-2 2
+2 4
+1 2
-3 3
+1 1
+1 1
-2 1
+2 3
+1 1
-3 1
-1 6
+2 78
+1 120
-2 12
+2 6
+1 18
-3 6
+1 13
+1 20
-2 2
+2 1
+1 3
-3 1
127 547
-2 4
+2 4
-2 2
+2 24
-2 12
+2 12
-2 6
+5 4
cfi=(8)
cfn=(383)
calls=1 25 
* 19197492
* 30

fn=(417)
101 2698
+6 64752
-6 2698
+6 259008
-6 4047
+6 24282
-56 1349
+1 1349
-18 1349
+3 1349
-3 1349
+3 1349
+4 1349
-3 1349
+13 1349
-16 1349
+1 2698
-1 1349
-1 1349
+17 1349
-11 1349
-1 1349
-4 1349
+18 2698
-1 1349
+1 1349
-16 1349
+16 1349
-17 1349
+16 1349
+4 1349
-8 1349
+1 1349
+7 1349
-1 2698
-1 1349
+1 1349
-1 1349
-20 9443
+3 9443
-3 9443
+3 9443
+4 9443
-3 9443
+13 9443
-16 9443
+1 18886
-1 9443
-1 9443
+17 9443
-11 9443
-1 9443
-4 9443
+18 18886
-1 9443
+1 9443
-16 9443
+16 9443
-17 9443
+16 9443
+4 9443
-8 9443
+1 9443
+7 9443
-1 18886
-1 9443
+1 9443
-1 9443
-8 9443
+18 18886
+4 9443
-21 9443
+23 9443
-6 9443
+17 9443
-16 9443
+17 9443
-17 9443
+6 9443
-6 9443
+4 9443
-3 9443
+13 9443
-13 9443
+18 9443
-23 9443
+20 9443
-19 18886
+51 9443
-34 9443
+5 9443
-3 9443
+1 9443
-36 1349
+18 2698
+4 1349
-21 1349
+23 1349
-6 1349
+17 1349
-16 1349
+17 1349
-17 1349
+6 1349
-6 1349
+4 1349
-3 1349
+13 1349
-13 1349
+18 1349
-23 1349
+20 1349
-19 2698
+51 1349
-34 1349
+5 1349
-3 1349
+1 1349
-6 1349
+1 1349
-3 1349
+1 1349
+12 1349
+26 1349
-37 9443
+1 9443
-3 9443
+1 9443
+12 9443
+26 9443
9 1349
113 1349
8 5396
+2 8094
+1 8094
-2 8094
+2 8094
+1 8094
-3 8094
+1 6745
+1 6745
-1 6745
-1 6745
+2 6745
+1 6745
-3 6745
+1 5396
+1 5396
-1 5396
+1 5396
-2 5396
+2 5396
+1 5396
-3 5396
+2 4047
-1 4047
+1 4047
-1 4047
-1 4047
+2 4047
+1 4047
-3 4047
+1 5396
+1 2698
-2 2698
+2 5396
+1 2698
-3 4047
+1 1349
+1 1349
-2 1349
+2 4047
+1 1349
-3 1349
+98 8094
-97 105222
+1 161880
-2 16188
+2 8094
+1 24282
-3 8094
+1 17537
+1 26980
-2 2698
+2 1349
+1 4047
-3 1349
+42 4047
-43 2698
+26 2698
+3 2698
+4 1349
-3 1349
-3 2698
+1 2698
+15 1349
-11 1349
-1 1349
-2 1349
-2 1349
+16 1349
-17 1349
+18 1349
-16 1349
+16 1349
+1 2698
-1 1349
+1 1349
+3 1349
-8 1349
+8 1349
-7 1349
+4 1349
+2 2698
-1 1349
+1 1349
-1 1349
-8 1349
+18 2698
+4 1349
-21 1349
+17 1349
+17 1349
-11 1349
+1 1349
-2 1349
+10 1349
+5 1349
-19 1349
+16 1349
-16 1349
+1 1349
+23 1349
-7 1349
-16 1349
-1 1349
-4 1349
-27 18886
+3 18886
+4 9443
-3 9443
-3 18886
+1 18886
+15 9443
-11 9443
-1 9443
-2 9443
-2 9443
+16 9443
-17 9443
+18 9443
-16 9443
+16 9443
+1 18886
-1 9443
+1 9443
+3 9443
-8 9443
+8 9443
-7 9443
+4 9443
+2 18886
-1 9443
+1 9443
-1 9443
-8 9443
+18 18886
+4 9443
-21 9443
+17 9443
+17 9443
-11 9443
+1 9443
-2 9443
+10 9443
+5 9443
-19 9443
+16 9443
-16 9443
+1 9443
+23 9443
-7 9443
-16 9443
-1 9443
-4 9443
+1 9443
+34 9443
-3 9443
+1 9443
+1 9443
-33 1349
+34 1349
-3 1349
+1 1349
+1 1349
-4 1349
+1 1349
-3 1349
+1 2698
+29 1349
-26 1349
+3 1349
-2 1349
+1 1349
-4 1349
+1 1349
-3 1349
+1 1349
+6 1349
+23 1349
-28 9443
+1 9443
-3 9443
+1 18886
+29 9443
-26 9443
+3 9443
-2 9443
+1 9443
-4 9443
+1 9443
-3 9443
+1 9443
+6 9443
+23 9443
9 1349
119 1349
8 4047
+2 8094
+1 8094
-2 8094
+2 8094
+1 8094
-3 8094
+1 6745
+1 6745
-1 6745
-1 6745
+2 6745
+1 6745
-3 6745
+1 5396
+1 5396
-1 5396
+1 5396
-2 5396
+2 5396
+1 5396
-3 5396
+2 4047
-1 4047
+1 4047
-1 4047
-1 4047
+2 4047
+1 4047
-3 4047
+1 5396
+1 2698
-2 2698
+2 5396
+1 2698
-3 4047
+1 1349
+1 1349
-2 1349
+2 4047
+1 1349
-3 1349
-1 8094
+2 105222
+1 161880
-2 16188
+2 8094
+1 24282
-3 8094
+1 17537
+1 26980
-2 2698
+2 1349
+1 4047
-3 1349
127 748535
-2 10712
+2 10712
-2 5356
+5 2708
-3 21744
-2 10872
+2 10872
-2 5436
+5 43158

ob=(1)
fl=(1)
fn=(18) _dl_next_ld_env_entry
0 169

fn=(32) memcpy
0 208
cfn=(23) _dl_new_object'2
calls=1 0 
0 355
0 32
cfn=(23)
calls=1 0 
0 218
0 24
cfn=(121) _dl_map_object_deps'2
calls=1 0 
0 1329
0 66
cfn=(23)
calls=1 0 
0 114

fn=(33) memcpy'2
0 90
cfn=(121)
calls=1 0 
0 247
0 32
cfn=(121)
calls=1 0 
0 490
0 8

fn=(40) strcmp
0 9463

fn=(62) handle_ld_preload
0 18
cfn=(64) strcspn
calls=1 0 
0 398
0 11
cfn=(68) dso_name_valid_for_suid
calls=1 0 
0 11
0 6
cfn=(70) do_preload
calls=1 0 
0 2722
0 5
cfn=(32)
calls=1 0 
0 36
0 8
cfn=(118) access
calls=1 0 
0 13
0 17
cfn=(120) _dl_map_object_deps
calls=1 0 
0 96606
0 16

fn=(132) __libc_scratch_buffer_set_array_size
0 34

fn=(136) _dl_receive_error
0 8
cfn=(144) init_tls
calls=1 0 
0 88145
0 10
cfn=(138) version_check_doit
calls=1 0 
0 2112

fn=(150) _dl_allocate_tls_storage
0 26
cfn=(148) __udivsi3
calls=1 0 
0 455
cfn=(30) malloc
calls=1 0 
0 26
0 10

fn=(151) _dl_allocate_tls_storage'2
0 5
cfn=(66) memset
calls=1 0 
0 373
0 3
cfn=(152) allocate_dtv
calls=1 0 
0 63

fn=(168) _dl_protect_relro
0 76
cfn=(114) mprotect
calls=4 0 
0 24
0 8

fn=(0) 0x00000a80
0 4
cfn=(2) _dl_start
calls=1 0 
0 64367065

fn=(22) _dl_new_object
0 11
cfn=(34) _dl_add_to_namespace_list
calls=1 0 
0 49
0 192
cfn=(40)
calls=1 0 
0 8
0 224
cfn=(4) _dl_setup_hash
calls=1 0 
0 23
0 90
cfn=(44) _dl_discover_osversion
calls=1 0 
0 91
0 20
cfn=(48) _dl_init_paths
calls=1 0 
0 102278
0 15
cfn=(12) strlen
calls=1 0 
0 34
0 17
cfn=(32)
calls=1 0 
0 128
cfn=(26) calloc
calls=1 0 
0 52
0 16

fn=(23)
0 595
cfn=(130) _dl_next_tls_modid
calls=1 0 
0 12
0 76
cfn=(112) mmap
calls=2 0 
0 28
0 42
cfn=(114)
calls=2 0 
0 12
0 106
cfn=(66)
calls=2 0 
0 179
0 64
cfn=(112)
calls=2 0 
0 28
0 377
cfn=(112)
calls=1 0 
0 14
0 50
cfn=(116) __GI___close_nocancel
calls=2 0 
0 14
0 32
cfn=(4)
calls=2 0 
0 46
0 56
cfn=(34)
calls=2 0 
0 114
0 242
cfn=(12)
calls=2 0 
0 105
0 34
cfn=(32)
calls=2 0 
0 627
cfn=(26)
calls=2 0 
0 131
0 32
0 218
cfn=(12)
calls=2 0 
0 97
0 236
cfn=(54) mempcpy
calls=2 0 
0 282
cfn=(30)
calls=2 0 
0 52
0 18

fn=(52) __tunable_get_val
0 356

fn=(82) __sigjmp_save
0 12

fn=(94) _dl_dst_count
0 9
cfn=(90) index
calls=3 0 
0 326
0 15

fn=(98) open_verify.constprop.8
0 32
cfn=(100) __open64_nocancel
calls=2 0 
0 42
0 32
cfn=(102) __read_nocancel
calls=2 0 
0 14
0 32
cfn=(20) bcmp
calls=2 0 
0 135
0 38
cfn=(20)
calls=2 0 
0 124
0 233
cfn=(20)
calls=1 0 
0 50
0 8
cfn=(20)
calls=2 0 
0 82
0 27
cfn=(106) free
calls=2 0 
0 12
0 12
0 14
cfn=(20)
calls=1 0 
0 69
0 24
cfn=(108) _dl_map_object_from_fd
calls=1 0 
0 1581
0 16
cfn=(108)
calls=1 0 
0 1674
0 17

fn=(110) __fxstat64
0 27

fn=(172) _dl_allocate_tls_init
0 67
cfn=(54)
calls=1 0 
0 23
0 5
cfn=(66)
calls=1 0 
0 58
0 12

fn=(176) _dl_unload_cache
0 9
cfn=(178) munmap
calls=1 0 
0 6
0 3

fn=(4)
0 92

fn=(34)
0 27
cfn=(36) rtld_lock_default_lock_recursive
calls=3 0 
0 12
0 88
cfn=(38) rtld_lock_default_unlock_recursive
calls=2 0 
0 8
0 22
cfn=(38)
calls=1 0 
0 4
0 2

fn=(46) uname
0 6

fn=(48)
0 3
cfn=(56) _dl_debug_initialize
calls=1 0 
0 27
0 90
cfn=(58) _dl_count_modids
calls=1 0 
0 7
0 15
cfn=(60) _dl_debug_state
calls=1 0 
0 1
0 18
cfn=(62)
calls=1 0 
0 99867
0 14
cfn=(50) _dl_important_hwcaps
calls=1 0 
0 2236

fn=(60)
0 2

fn=(70)
0 21
cfn=(74) _dl_catch_error
calls=1 0 
0 2689
0 3
0 9

fn=(80) __sigsetjmp
0 54
cfn=(82)
calls=3 0 
0 12

fn=(90)
0 394

fn=(152)
0 9
cfn=(26)
calls=1 0 
0 42
0 8
0 4

fn=(20)
0 687

fn=(30)
0 380
cfn=(112)
calls=1 0 
0 14
0 157

fn=(54)
0 12
cfn=(33)
calls=2 0 
0 56
cfn=(32)
calls=2 0 
0 32
0 8
cfn=(23)
calls=2 0 
0 216
cfn=(51) _dl_important_hwcaps'2
calls=1 0 
0 1036

fn=(55) mempcpy'2
0 33
cfn=(32)
calls=11 0 
0 158
0 22

fn=(56)
0 66

fn=(68)
0 11

fn=(92) expand_dynamic_string_token
0 5
cfn=(94)
calls=1 0 
0 165
0 5
cfn=(96) strdup
calls=1 0 
0 141

fn=(184) _dl_init
0 54
cfn=(186) call_init.part.0
calls=3 0 
0 415
0 15
cfn=(186)
calls=1 0 
0 67
0 5

fn=(218)
0 60
cfn=(220) _dl_fixup
calls=10 0 
0 10405
0 30

fn=(108)
0 22
cfn=(56)
calls=2 0 
0 26
0 10
cfn=(110)
calls=2 0 
0 18
0 155
cfn=(23)
calls=2 0 
0 3016
0 8

fn=(122) openaux
0 28
cfn=(86) _dl_map_object
calls=2 0 
0 4511
0 14

fn=(6) _dl_sysdep_start
0 373
cfn=(8) __GI___tunables_init
calls=1 0 
0 8338
0 3
cfn=(10) brk
calls=1 0 
0 14
0 8
cfn=(14) sbrk
calls=1 0 
0 16
0 16
cfn=(16) dl_main
calls=1 0 
0 103657
0 1
cfn=(12)
calls=1 0 
0 34
0 2

fn=(8)
0 8338

fn=(64)
0 14
cfn=(66)
calls=1 0 
0 49
0 5
cfn=(66)
calls=1 0 
0 49
0 4
cfn=(66)
calls=1 0 
0 49
0 4
cfn=(66)
calls=1 0 
0 49
0 175

fn=(66)
0 1240

fn=(100)
0 63

fn=(112)
0 98

fn=(120)
0 111
cfn=(136)
calls=1 0 
0 90275
0 110
cfn=(78) _dl_catch_exception
calls=1 0 
0 6022
0 3
0 7
cfn=(94)
calls=1 0 
0 66
0 12

fn=(121)
0 36
cfn=(33)
calls=2 0 
0 34
0 58
cfn=(33)
calls=1 0 
0 508
cfn=(30)
calls=1 0 
0 26
cfn=(79) _dl_catch_exception'2
calls=1 0 
0 295
0 251
0 7
cfn=(94)
calls=1 0 
0 119
0 27
cfn=(33)
calls=1 0 
0 269
cfn=(30)
calls=1 0 
0 26
0 85
0 36
cfn=(132)
calls=1 0 
0 17
0 9
cfn=(134) _dl_sort_maps
calls=1 0 
0 226
0 37

fn=(142) _dl_check_map_versions
0 67
cfn=(88) _dl_name_match_p
calls=3 0 
0 174
0 81
cfn=(40)
calls=1 0 
0 75
0 21
cfn=(26)
calls=1 0 
0 42
0 50
0 14
cfn=(143) _dl_check_map_versions'2
calls=2 0 
0 1551
0 10

fn=(143)
0 107
cfn=(88)
calls=4 0 
0 267
0 149
cfn=(40)
calls=2 0 
0 120
0 266
cfn=(26)
calls=2 0 
0 84
0 535
0 11
cfn=(143)
calls=1 0 
0 171
0 12

fn=(156) _dl_lookup_symbol_x
0 13577
cfn=(158) do_lookup_x
calls=110 0 
0 59225
0 3477

fn=(178)
0 6

fn=(282) _dl_find_dso_for_object
0 45

fn=(10)
0 14

fn=(12)
0 523

fn=(88)
0 325
cfn=(40)
calls=65 0 
0 547
0 730
cfn=(40)
calls=69 0 
0 1122
0 268

fn=(116)
0 21

fn=(130)
0 12

fn=(158)
0 15544
cfn=(88)
calls=51 0 
0 2089
0 8541
cfn=(160) __aeabi_uidivmod
calls=133 0 
0 12810
0 6887
cfn=(162) check_match
calls=117 0 
0 12813
0 541

fn=(220)
0 511
cfn=(156)
calls=10 0 
0 9604
0 290

fn=(2)
0 13
cfn=(184)
calls=1 0 
0 556
0 3
cob=(5)
cfi=(5)
cfn=(212)
calls=1 0 
0 64252861
0 356
cfn=(4)
calls=1 0 
0 23
0 17
cfn=(6)
calls=1 0 
0 112462
0 774

fn=(26)
0 104
cfn=(30)
calls=8 0 
0 265
0 24

fn=(38)
0 20
cob=(3)
cfi=(3)
cfn=(279) _dl_addr'2
calls=1 0 
0 3

fn=(78)
0 25
cfn=(32)
calls=1 0 
0 1345
cfn=(30)
calls=1 0 
0 26
0 13
0 227
cfn=(132)
calls=1 0 
0 17
0 46
cfn=(80)
calls=2 0 
0 44
0 10
cfn=(122)
calls=1 0 
0 4312
cfn=(84) map_doit
calls=1 0 
0 2616
0 10

fn=(79)
0 16
cfn=(80)
calls=1 0 
0 22
0 5
cfn=(122)
calls=1 0 
0 241
0 11

fn=(84)
0 12
cfn=(86)
calls=1 0 
0 2593
0 11

fn=(148)
0 11768
cfn=(151)
calls=1 0 
0 444

fn=(154) _dl_relocate_object
0 204
cfn=(66)
calls=4 0 
0 160
0 500
cfn=(66)
calls=4 0 
0 160
0 428
cfn=(168)
calls=4 0 
0 108
0 7057
cfn=(156)
calls=95 0 
0 64191
0 2859
cob=(3)
cfi=(3)
cfn=(166) memcpy
calls=1 0 
0 5
cob=(3)
cfi=(3)
cfn=(164) memchr
calls=1 0 
0 5
0 8564
cfn=(156)
calls=5 0 
0 2484
0 272

fn=(160)
0 532
cfn=(148)
calls=133 0 
0 11746
0 532

fn=(170) _dl_add_to_slotinfo
0 17

fn=(174) _dl_sysdep_start_cleanup
0 1

fn=(186)
0 77
cob=(3)
cfi=(3)
cfn=(198) _init
calls=1 0 
0 319
cob=(2)
cfi=(2)
cfn=(188) 0x04832344
calls=1 0 
0 9
0 32
cob=(3)
cfi=(3)
cfn=(208) check_stdfiles_vtables
calls=1 0 
0 20
cob=(4) /usr/lib/valgrind/vgpreload_core-arm-linux.so
cfi=(4) ???
cfn=(194) 0x000004b4
calls=1 0 
0 12
0 13

fn=(448) _dl_fini
0 36
cfn=(36)
calls=1 0 
0 4
0 89
cfn=(134)
calls=1 0 
0 253
0 4
cfn=(38)
calls=1 0 
0 4
0 67
cob=(4)
cfi=(4)
cfn=(460) 0x0000044c
calls=1 0 
0 1110
cob=(5)
cfi=(5)
cfn=(450)
calls=1 0 
0 16
0 9
cob=(2)
cfi=(2)
cfn=(458) 0x000173c4
calls=1 0 
0 2
0 31

fn=(58)
0 7

fn=(74)
0 17
cfn=(78)
calls=1 0 
0 2669
0 3

fn=(86)
0 137
cfn=(88)
calls=7 0 
0 462
0 64
cfn=(40)
calls=2 0 
0 40
0 41
cfn=(90)
calls=2 0 
0 68
0 9
cfn=(92)
calls=1 0 
0 316
0 14
cfn=(98)
calls=1 0 
0 2009
0 2
cfn=(12)
calls=1 0 
0 41
0 30
cfn=(124) _dl_load_cache_lookup
calls=1 0 
0 1545
0 18
cfn=(98)
calls=1 0 
0 2259
0 49

fn=(102)
0 14

fn=(128) _dl_cache_libcmp
0 793

fn=(140) _dl_check_all_versions
0 16
cfn=(142)
calls=1 0 
0 2085

fn=(16)
0 53
cfn=(18)
calls=1 0 
0 162
0 2
cfn=(18)
calls=1 0 
0 7
0 78
cfn=(20)
calls=1 0 
0 18
0 7
cfn=(20)
calls=1 0 
0 62
0 17
cfn=(22)
calls=1 0 
0 103248
0 3

fn=(50)
0 3
cfn=(30)
calls=2 0 
0 52
0 220
0 17
cfn=(52)
calls=1 0 
0 28
0 485
cfn=(54)
calls=1 0 
0 1055
cfn=(30)
calls=1 0 
0 26
0 28
0 199
cfn=(12)
calls=2 0 
0 67
0 56

fn=(51)
0 9
cfn=(55)
calls=3 0 
0 57
0 56
cfn=(55)
calls=4 0 
0 80
0 24
cfn=(55)
calls=4 0 
0 76
0 734

fn=(96)
0 6
cfn=(12)
calls=2 0 
0 97
0 6
cfn=(30)
calls=2 0 
0 52
0 18
0 56

fn=(106)
0 12

fn=(114)
0 36

fn=(134)
0 50
cfn=(66)
calls=2 0 
0 44
0 230
cfn=(66)
calls=4 0 
0 70
0 85

fn=(146) _dl_determine_tlsoffset
0 41
cfn=(148)
calls=1 0 
0 11
0 27
cfn=(145) init_tls'2
calls=1 0 
0 518

fn=(14)
0 16

fn=(36)
0 20

fn=(44)
0 12
cfn=(46)
calls=1 0 
0 6
0 73

fn=(118)
0 13

fn=(124)
0 24
cfn=(52)
calls=1 0 
0 28
0 143
cfn=(128)
calls=8 0 
0 647
0 33
cfn=(128)
calls=1 0 
0 81
0 40
cfn=(128)
calls=1 0 
0 65
0 47
cfn=(12)
calls=1 0 
0 48
0 8
cfn=(32)
calls=1 0 
0 20
0 1
cfn=(96)
calls=1 0 
0 94
0 7
cfn=(126) _dl_sysdep_read_whole_file
calls=1 0 
0 83
0 10
cfn=(20)
calls=1 0 
0 90
0 17
cfn=(20)
calls=1 0 
0 57
0 2

fn=(126)
0 6
cfn=(100)
calls=1 0 
0 21
0 7
cfn=(110)
calls=1 0 
0 9
0 8
cfn=(116)
calls=1 0 
0 7
0 9
cfn=(112)
calls=1 0 
0 14
0 2

fn=(138)
0 8
cfn=(140)
calls=1 0 
0 2101
0 3

fn=(144)
0 12
cfn=(146)
calls=1 0 
0 597
cfn=(26)
calls=1 0 
0 42
0 57
0 134
cfn=(154)
calls=3 0 
0 76595
0 19
cfn=(170)
calls=1 0 
0 17
0 26
cfn=(172)
calls=1 0 
0 165
0 18
cfn=(174)
calls=1 0 
0 1
0 8
cfn=(56)
calls=1 0 
0 13
0 4
cfn=(60)
calls=1 0 
0 1
0 2
cfn=(176)
calls=1 0 
0 18
0 11
cfn=(154)
calls=1 0 
0 10402
0 3

fn=(145)
0 1
cfn=(150)
calls=1 0 
0 517

fn=(162)
0 2894
cfn=(40)
calls=31 0 
0 2306
0 2170
cfn=(40)
calls=99 0 
0 5245
0 198

ob=(4)
fl=(4)
fn=(478) 0x0000048c
0 5

fn=(460)
0 15
cfn=(476) 0x000003b8
calls=1 0 
0 13
cob=(3)
cfi=(3)
cfn=(470) __cxa_finalize
calls=1 0 
0 130
cob=(1)
cfi=(1)
cfn=(218)
calls=1 0 
0 862
0 8
0 27
fi=(1)
cob=(2)
cfi=(2)
cfn=(480) 0x0483262c
calls=1 0 
0 2
0 53

fn=(476)
0 8
cfn=(478)
calls=1 0 
0 5

fn=(190) 0x00000394
0 6

fn=(194)
0 12

ob=(3)
fl=(3)
fn=(204) rindex
0 119

fn=(242) _setjmp
0 2
cfn=(244) __sigsetjmp
calls=1 0 
0 35

fn=(254)
0 5

fn=(294) sbrk
0 39
cfn=(296) brk
calls=2 0 
0 40
0 8
cfn=(296)
calls=1 0 
0 20
0 4

fn=(300) _IO_no_init
0 5
cfn=(302) _IO_old_init
calls=1 0 
0 32
0 23
cfn=(269) __fopen_internal'2
calls=1 0 
0 335

fn=(312) open
0 37

fn=(388) strlen
0 602

fn=(444) __run_exit_handlers
0 130
cob=(1)
cfi=(1)
cfn=(448)
calls=1 0 
0 1625
0 29
cfn=(482) _IO_cleanup
calls=1 0 
0 437
0 5
cfn=(446) __call_tls_dtors
calls=1 0 
0 9
0 1

fn=(482)
0 11
cfn=(484) _IO_flush_all_lockp
calls=1 0 
0 160
0 126
cfn=(486) _IO_file_setbuf@@GLIBC_2.4
calls=1 0 
0 75
0 65

fn=(490) _IO_file_sync@@GLIBC_2.4
0 16

fn=(200) _dl_vdso_vsym
0 42

fn=(222)
0 25
cfn=(224) __cxa_atexit
calls=1 0 
0 92
0 15
cob=(5)
cfi=(5)
cfn=(230)
calls=1 0 
0 41
0 10
cfn=(242)
calls=1 0 
0 37
0 17
cob=(5)
cfi=(6)
cfn=(248)
calls=1 9 
0 64251487

fn=(246) __sigjmp_save
0 7

fn=(260) ____strtol_l_internal
0 294

fn=(308) _IO_file_fopen@@GLIBC_2.4
0 42
cfn=(310) _IO_file_open
calls=1 0 
0 88
0 6
cfn=(314) strstr
calls=1 0 
0 27
0 6

fn=(344) __underflow
0 33
cfn=(346) _IO_file_underflow@@GLIBC_2.4
calls=1 0 
0 94
0 3

fn=(352) __memcpy_neon
0 259

fn=(164)
0 5

fn=(228) __new_exitfn
0 36

fn=(276) ptmalloc_init
0 25
cfn=(278) _dl_addr
calls=1 0 
0 58815
0 3

fn=(296)
0 60

fn=(314)
0 27

fn=(338) __udivsi3
0 83

fn=(358) _IO_un_link
0 7
cfn=(360) __GI__IO_un_link.part.1
calls=1 0 
0 147

fn=(394) isatty
0 10
cfn=(396) tcgetattr
calls=1 0 
0 53
0 8

fn=(484)
0 160

fn=(166)
0 5

fn=(288) _int_malloc
0 761
cfn=(290) sysmalloc
calls=1 0 
0 283
0 82

fn=(302)
0 32

fn=(304) _IO_new_file_init_internal
0 10
cfn=(306) _IO_link_in
calls=1 0 
0 134
0 3

fn=(336) __aeabi_uidivmod
0 40
cfn=(338)
calls=10 0 
0 83
0 40

fn=(356) fclose@@GLIBC_2.4
fi=(7)
92 2
fe=(3)
-92 6
cfn=(358)
calls=1 0 
0 151
0 41
cfn=(362) _IO_file_close_it@@GLIBC_2.4
calls=1 0 
0 397

fn=(374) _int_free
0 280

fn=(486)
0 3
cfn=(488) _IO_default_setbuf
calls=1 0 
0 61
0 11

fn=(226) __internal_atexit
0 32
cfn=(228)
calls=1 0 
0 36
0 21

fn=(266)
0 2
cfn=(268) __fopen_internal
calls=1 0 
0 64950

fn=(268)
fi=(7)
65 2
+7 1
+1 2
cfi=(3)
cfn=(320) fread
calls=1 -73 
* 2516
cfi=(3)
cfn=(272) malloc
calls=1 -73 
* 228
cob=(1)
cfi=(1)
cfn=(218)
calls=2 -73 
* 2051
* 20
fe=(3)
-73 7
cfn=(300)
calls=1 0 
0 395
cfn=(272)
calls=1 0 
0 59713
0 15

fn=(269)
0 5
cfn=(304)
calls=1 0 
0 147
0 5
cfn=(308)
calls=1 0 
0 169
0 9

fn=(290)
0 85
cfn=(292) __default_morecore
calls=1 0 
0 73
0 55
cfn=(292)
calls=1 0 
0 48
0 22

fn=(326) _IO_doallocbuf
0 43
cfn=(336)
calls=1 0 
0 19
0 9
cfn=(340) _IO_file_read
calls=1 0 
0 20
0 28
cfn=(344)
calls=1 0 
0 130
0 6
cob=(2)
cfi=(2)
cfn=(350) 0x0485b064
calls=1 0 
0 142
0 81
cfn=(328) _IO_file_doallocate
calls=2 0 
0 714

fn=(364) _IO_unsave_markers
0 7

fn=(446)
0 9

fn=(258)
0 18
cfn=(260)
calls=2 0 
0 294
0 4

fn=(332) __fxstat64
0 18

fn=(348) _IO_switch_to_get_mode
0 19

fn=(362)
0 13
cfn=(376) _IO_file_finish@@GLIBC_2.4
calls=1 0 
0 23
0 20
cfn=(372)
calls=1 0 
0 84
0 5
0 35
cfn=(364)
calls=1 0 
0 7
0 16
cfn=(366) _IO_file_close
calls=1 0 
0 9
0 9
cfn=(334) _IO_setb
calls=1 0 
0 176

fn=(386)
0 27
cfn=(388)
calls=9 0 
0 602
0 444
cfn=(390) _IO_file_xsputn@@GLIBC_2.4
calls=9 0 
0 19876
0 331
cfn=(402) __overflow
calls=9 0 
0 1386
0 18

fn=(402)
0 171
cfn=(392) _IO_file_overflow@@GLIBC_2.4
calls=9 0 
0 1215

fn=(472) __unregister_atfork
0 46

fn=(198)
0 92
cfn=(200)
calls=1 0 
0 21
0 11
cfn=(200)
calls=1 0 
0 21
0 9
cfn=(202) __init_misc
calls=1 0 
0 140
0 1
cfn=(206) __ctype_init
calls=1 0 
0 22
0 2

fn=(202)
0 11
cfn=(204)
calls=1 0 
0 119
0 10

fn=(390)
0 212
cfn=(392)
calls=9 0 
0 1404
0 90
cfn=(336)
calls=9 0 
0 144
0 125
cfn=(410) mempcpy
calls=8 0 
0 184
0 1796
cfn=(400) _IO_default_xsputn
calls=9 0 
0 15878
0 43

fn=(398) _IO_do_write@@GLIBC_2.4
0 85
cfn=(404) new_do_write
calls=17 0 
0 1513
0 51

fn=(406) _IO_file_write@@GLIBC_2.4
0 136
cfn=(408) write
calls=17 0 
0 255
0 306

fn=(408)
0 255

fn=(442)
0 6
cfn=(444)
calls=1 0 
0 2236

fn=(286) tcache_init.part.3
0 31
cfn=(288)
calls=1 0 
0 441
0 19
cfn=(298) memset
calls=1 0 
0 121

fn=(324) _IO_file_xsgetn
0 36
cfn=(326)
calls=1 0 
0 733

fn=(334)
0 9
cfn=(358)
calls=1 0 
0 3
0 55
cfn=(329) _IO_file_doallocate'2
calls=2 0 
0 14
0 1
cfn=(372)
calls=1 0 
0 128
0 12

fn=(346)
0 25
cfn=(348)
calls=1 0 
0 19
0 16
cfn=(340)
calls=1 0 
0 20
0 14

fn=(360)
0 147

fn=(392)
0 10457
cfn=(398)
calls=8 0 
0 776
0 54
cfn=(398)
calls=9 0 
0 873
0 20
cfn=(326)
calls=1 0 
0 459

fn=(470)
0 74
cfn=(472)
calls=1 0 
0 46
0 10

fn=(488)
0 16
cfn=(490)
calls=1 0 
0 16
0 29

fn=(244)
0 28
cfn=(246)
calls=1 0 
0 7

fn=(274) malloc_hook_ini
0 36
cfn=(288)
calls=1 0 
0 172
0 16
cfn=(286)
calls=1 0 
0 612
0 23
cfn=(276)
calls=1 0 
0 58843

fn=(292)
0 4
cfn=(294)
calls=2 0 
0 111
0 6

fn=(310)
0 14
cfn=(312)
calls=1 0 
0 37
0 17
cfn=(306)
calls=1 0 
0 17
0 3

fn=(330) _IO_file_stat
0 8
cfn=(332)
calls=2 0 
0 18

fn=(340)
0 10
cfn=(342) read
calls=2 0 
0 30

fn=(342)
0 30

fn=(368) __close_nocancel
0 7

fn=(396)
0 53

fn=(400)
0 3466
cfn=(392)
calls=334 0 
0 10020
0 2392

fn=(208)
0 20

fn=(298)
0 121

fn=(306)
0 151

fn=(320)
fi=(7)
82 2
+7 2
cfi=(3)
cfn=(356)
calls=1 -89 
* 597
cob=(1)
cfi=(1)
cfn=(218)
calls=1 -89 
* 1077
* 7
fe=(3)
-89 47
cfn=(322) _IO_sgetn
calls=1 0 
0 784

fn=(328)
0 50
cfn=(330)
calls=2 0 
0 26
0 26
cfn=(334)
calls=2 0 
0 46
cfn=(272)
calls=2 0 
0 450
0 18
0 18
cfn=(394)
calls=1 0 
0 71
0 9

fn=(329)
0 14

fn=(366)
0 2
cfn=(368)
calls=1 0 
0 7

fn=(372)
0 93
cfn=(374)
calls=3 0 
0 280

fn=(378) _IO_default_finish
0 14

fn=(404)
0 374
cfn=(406)
calls=17 0 
0 697
0 442

fn=(206)
0 22

fn=(224)
0 3
cfn=(226)
calls=1 0 
0 89

fn=(272)
0 131
cfn=(288)
calls=3 0 
0 513
0 45
cfn=(274)
calls=1 0 
0 59702

fn=(278)
0 660
cob=(1)
cfi=(1)
cfn=(52)
calls=11 0 
0 300
0 98
0 20
cob=(1)
cfi=(1)
cfn=(36)
calls=1 0 
0 4
0 2
cob=(1)
cfi=(1)
cfn=(38)
calls=1 0 
0 7
cob=(1)
cfi=(1)
cfn=(282)
calls=1 0 
0 45
0 57679

fn=(279)
0 3

fn=(322)
0 15
cfn=(324)
calls=1 0 
0 769

fn=(376)
0 9
cfn=(378)
calls=1 0 
0 14

fn=(410)
0 24
cob=(2)
cfi=(2)
cfn=(350)
calls=8 0 
0 144
0 16

ob=(2)
fl=(2)
fn=(480)
0 2

fn=(232)
0 2
cob=(5)
cfi=(5)
cfn=(234)
calls=1 0 
0 6
0 1

fn=(350)
0 27
cob=(3)
cfi=(3)
cfn=(352)
calls=9 0 
0 259

fn=(188)
0 2
cob=(4)
cfi=(4)
cfn=(190)
calls=1 0 
0 6
0 1

fn=(458)
0 2

totals: 64367069
